Dire Wolf DEVELOPMENT version 1.7 F (Apr  9 2023)

Reading config file sdr.conf
Audio input device for receive: stdin  (channel 0)
Audio out device for transmit: null  (channel 0)
Channel 0: 1200 baud, AFSK 1200 & 2200 Hz, A+, 24000 sample rate.
Note: PTT not configured for channel 0. (Ignore this if using VOX.)
Ready to accept AGW client application 0 on port 8000 ...
Ready to accept KISS TCP client application 0 on port 8001 ...

Now connected to IGate server noam.aprs2.net (192.104.234.219)
Check server status here http://192.104.234.219:14501


KC3RXZ-9 audio level = 66(5/5)   [NONE]   ___||____
[0.3] KC3RXZ-9>HYMTR,WIDE1-1,WIDE2-2:=3938.83N/07958.05WSWVUERC msg_id:10
Position, SHUTTLE
N 39 38.8300, W 079 58.0500
WVUERC msg_id:10
[ig] # aprsc 2.1.14-g5e22b37
[ig] # logresp KE8TJE verified, server T2RDU

KC3RXZ-9 audio level = 66(5/5)   [NONE]   ___||____
[0.3] KC3RXZ-9>HYMTR,WIDE1-1,WIDE2-2:=3938.83N/07958.05WSWVUERC msg_id:10
Position, SHUTTLE
N 39 38.8300, W 079 58.0500
WVUERC msg_id:10

KC3RXZ-9 audio level = 66(5/5)   [NONE]   ___||____
[0.3] KC3RXZ-9>HYMTR,WIDE1-1,WIDE2-2:=3938.83N/07958.05WSWVUERC msg_id:10
Position, SHUTTLE
N 39 38.8300, W 079 58.0500
WVUERC msg_id:10

KC3RXZ-9 audio level = 66(5/5)   [NONE]   ___||____
[0.3] KC3RXZ-9>HYMTR,WIDE1-1,WIDE2-2:=3938.83N/07958.05WSWVUERC msg_id:10
Position, SHUTTLE
N 39 38.8300, W 079 58.0500
WVUERC msg_id:10

KC3RXZ-9 audio level = 65(5/5)   [NONE]   __:||____
[0.3] KC3RXZ-9>HYMTR,WIDE1-1,WIDE2-2:=3938.83N/07958.05WSWVUERC msg_id:10
Position, SHUTTLE
N 39 38.8300, W 079 58.0500
WVUERC msg_id:10

KC3RXZ-9 audio level = 66(5/5)   [NONE]   ___||____
[0.3] KC3RXZ-9>HYMTR,WIDE1-1,WIDE2-2:=3938.28N/07957.13WSWVUERC msg_id:13
Position, SHUTTLE
N 39 38.2800, W 079 57.1300
WVUERC msg_id:13

KC3RXZ-9 audio level = 68(5/5)   [NONE]   ___||____
[0.3] KC3RXZ-9>HYMTR,WIDE1-1,WIDE2-2:=3938.28N/07957.13WSWVUERC msg_id:26
Position, SHUTTLE
N 39 38.2800, W 079 57.1300
WVUERC msg_id:26

KC3RXZ-9 audio level = 66(5/5)   [NONE]   ___|_____
[0.3] KC3RXZ-9>HYMTR,WIDE1-1,WIDE2-2:=3938.28N/07957.13WSWVUERC msg_id:39
Position, SHUTTLE
N 39 38.2800, W 079 57.1300
WVUERC msg_id:39

KC3RXZ-9 audio level = 66(5/5)   [NONE]   ___||____
[0.3] KC3RXZ-9>HYMTR,WIDE1-1,WIDE2-2:=3938.28N/07957.13WSWVUERC msg_id:51
Position, SHUTTLE
N 39 38.2800, W 079 57.1300
WVUERC msg_id:51

KC3RXZ-9 audio level = 67(5/5)   [NONE]   ___|_____
[0.3] KC3RXZ-9>HYMTR,WIDE1-1,WIDE2-2:=<0x00><0x00><0x00><0x00><0x00><0x00><0x00><0x00>/07957.135SWVUERC msg_id:7
'nul' character found in Information part.  This should never happen with APRS.
If this is meant to be APRS, KC3RXZ-9 is transmitting with defective software.
Invalid character in compressed latitude.  Must be in range of '!' to '{'.
Invalid character in compressed longitude.  Must be in range of '!' to '{'.
Invalid symbol table id for compressed position.
Position, # circle (obsolete)
alt 17 m (57 ft)
7.135SWVUERC msg_id:7

KC3RXZ-9 audio level = 66(5/5)   [NONE]   ___|_____
[0.3] KC3RXZ-9>HYMTR,WIDE1-1,WIDE2-2:=<0x00><0x00><0x00><0x00><0x00><0x00><0x00><0x00>/07957.135SWVUERC msg_id:13
'nul' character found in Information part.  This should never happen with APRS.
If this is meant to be APRS, KC3RXZ-9 is transmitting with defective software.
Invalid character in compressed latitude.  Must be in range of '!' to '{'.
Invalid character in compressed longitude.  Must be in range of '!' to '{'.
Invalid symbol table id for compressed position.
Position, # circle (obsolete)
alt 17 m (57 ft)
7.135SWVUERC msg_id:13

KC3RXZ-9 audio level = 66(5/5)   [SINGLE]   ___:_____
[0.3] KC3RXZ-9>HYMTR,WIDE1-1,WIDE2-2:=3938.284/07957.135SWVUERC msg_id:6
Error: '4' found for latitude hemisphere.  Specification requires upper case N or S.
Error: '5' found for longitude hemisphere.  Specification requires upper case E or W.
Position, SHUTTLE
WVUERC msg_id:6

KC3RXZ-9 audio level = 66(5/5)   [NONE]   ___:|____
[0.4] KC3RXZ-9>HYMTR,WIDE1-1,WIDE2-2:=3938.284/07957.135SWVUERC msg_id:13
Error: '4' found for latitude hemisphere.  Specification requires upper case N or S.
Error: '5' found for longitude hemisphere.  Specification requires upper case E or W.
Position, SHUTTLE
WVUERC msg_id:13

KC3RXZ-9 audio level = 67(5/5)   [NONE]   ___:|____
[0.4] KC3RXZ-9>HYMTR,WIDE1-1,WIDE2-2:=3938.284/07957.135SWVUERC msg_id:20
Error: '4' found for latitude hemisphere.  Specification requires upper case N or S.
Error: '5' found for longitude hemisphere.  Specification requires upper case E or W.
Position, SHUTTLE
WVUERC msg_id:20

KC3RXZ-9 audio level = 68(5/5)   [NONE]   ___:|____
[0.4] KC3RXZ-9>HYMTR,WIDE1-1,WIDE2-2:=3938.284/07957.135SWVUERC msg_id:27
Error: '4' found for latitude hemisphere.  Specification requires upper case N or S.
Error: '5' found for longitude hemisphere.  Specification requires upper case E or W.
Position, SHUTTLE
WVUERC msg_id:27

KC3RXZ-9 audio level = 67(5/5)   [NONE]   ___|_____
[0.3] KC3RXZ-9>HYMTR,WIDE1-1,WIDE2-2:=3938.28N/07957.13WSWVUERC msg_id:6
Position, SHUTTLE
N 39 38.2800, W 079 57.1300
WVUERC msg_id:6

KC3RXZ-9 audio level = 67(5/5)   [NONE]   ___||____
[0.3] KC3RXZ-9>HYMTR,WIDE1-1,WIDE2-2:=3938.28N/07957.13WSWVUERC msg_id:13
Position, SHUTTLE
N 39 38.2800, W 079 57.1300
WVUERC msg_id:13

KC3RXZ-9 audio level = 68(5/5)   [NONE]   ___|:____
[0.3] KC3RXZ-9>HYMTR,WIDE1-1,WIDE2-2:=3938.28N/07957.13WSWVUERC msg_id:20
Position, SHUTTLE
N 39 38.2800, W 079 57.1300
WVUERC msg_id:20

KC3RXZ-9 audio level = 66(5/5)   [NONE]   ___||____
[0.3] KC3RXZ-9>HYMTR,WIDE1-1,WIDE2-2:=3938.28N/07957.13WSWVU ERC msg_id:6
Position, SHUTTLE
N 39 38.2800, W 079 57.1300
WVU ERC msg_id:6

KC3RXZ-9 audio level = 67(5/5)   [NONE]   ___||____
[0.3] KC3RXZ-9>HYMTR,WIDE1-1,WIDE2-2:=3938.28N/07957.13WSWVU ERC msg_id:13
Position, SHUTTLE
N 39 38.2800, W 079 57.1300
WVU ERC msg_id:13

KC3RXZ-9 audio level = 67(5/5)   [NONE]   ___|:____
[0.3] KC3RXZ-9>HYMTR,WIDE1-1,WIDE2-2:=3938.28N/07957.13WSWVU ERC msg_id:20
Position, SHUTTLE
N 39 38.2800, W 079 57.1300
WVU ERC msg_id:20

KC3RXZ-9 audio level = 68(5/5)   [NONE]   ___||____
[0.3] KC3RXZ-9>HYMTR,WIDE1-1,WIDE2-2:=3938.28N/07957.13WSWVU ERC msg_id:26
Position, SHUTTLE
N 39 38.2800, W 079 57.1300
WVU ERC msg_id:26

KC3RXZ-9 audio level = 66(5/5)   [NONE]   ___||____
[0.3] KC3RXZ-9>HYMTR,WIDE1-1,WIDE2-2:=3938.28N/07957.13WSWVU ERC msg_id:33
Position, SHUTTLE
N 39 38.2800, W 079 57.1300
WVU ERC msg_id:33

KC3RXZ-9 audio level = 64(5/5)   [NONE]   ___||____
[0.3] KC3RXZ-9>HYMTR,WIDE1-1,WIDE2-2:=3938.28N/07957.13WSWVU ERC msg_id:40
Position, SHUTTLE
N 39 38.2800, W 079 57.1300
WVU ERC msg_id:40

KC3RXZ-9 audio level = 67(5/5)   [NONE]   ___|:____
[0.3] KC3RXZ-9>HYMTR,WIDE1-1,WIDE2-2:=3938.28N/07957.13WSWVU ERC msg_id:47
Position, SHUTTLE
N 39 38.2800, W 079 57.1300
WVU ERC msg_id:47

KC3RXZ-9 audio level = 64(5/5)   [NONE]   ___|:____
[0.3] KC3RXZ-9>HYMTR,WIDE1-1,WIDE2-2:=3938.28N/07957.13WSWVU ERC msg_id:53
Position, SHUTTLE
N 39 38.2800, W 079 57.1300
WVU ERC msg_id:53

KC3RXZ-9 audio level = 64(5/5)   [NONE]   ___||____
[0.3] KC3RXZ-9>HYMTR,WIDE1-1,WIDE2-2:=3938.28N/07957.13WSWVU ERC msg_id:60
Position, SHUTTLE
N 39 38.2800, W 079 57.1300
WVU ERC msg_id:60

KC3RXZ-9 audio level = 67(5/5)   [NONE]   ___|:____
[0.3] KC3RXZ-9>HYMTR,WIDE1-1,WIDE2-2:=3938.28N/07957.13WSWVU ERC msg_id:67
"67" in comment looks like it might be a CTCSS tone in non-standard format.
For most systems to recognize it, use exactly this form "T067" at near beginning of comment, after any frequency.
Position, SHUTTLE
N 39 38.2800, W 079 57.1300, PL 67.0
WVU ERC msg_id:67

KC3RXZ-9 audio level = 67(5/5)   [NONE]   ___||____
[0.3] KC3RXZ-9>HYMTR,WIDE1-1,WIDE2-2:=3938.28N/07957.13WSWVU ERC msg_id:74
Position, SHUTTLE
N 39 38.2800, W 079 57.1300
WVU ERC msg_id:74

KC3RXZ-9 audio level = 67(5/5)   [NONE]   ___|:____
[0.3] KC3RXZ-9>HYMTR,WIDE1-1,WIDE2-2:=3938.28N/07957.13WSWVU ERC msg_id:80
Position, SHUTTLE
N 39 38.2800, W 079 57.1300
WVU ERC msg_id:80

KC3RXZ-9 audio level = 65(5/5)   [NONE]   ___||____
[0.3] KC3RXZ-9>HYMTR,WIDE1-1,WIDE2-2:=3938.28N/07957.13WSWVU ERC msg_id:87
Position, SHUTTLE
N 39 38.2800, W 079 57.1300
WVU ERC msg_id:87

KC3RXZ-9 audio level = 66(5/5)   [NONE]   ___||____
[0.3] KC3RXZ-9>HYMTR,WIDE1-1,WIDE2-2:=3938.28N/07957.13WSWVU ERC msg_id:93
Position, SHUTTLE
N 39 38.2800, W 079 57.1300
WVU ERC msg_id:93

KC3RXZ-9 audio level = 67(5/5)   [NONE]   ___||____
[0.3] KC3RXZ-9>HYMTR,WIDE1-1,WIDE2-2:=3938.28N/07957.13WSWVU ERC msg_id:99
Position, SHUTTLE
N 39 38.2800, W 079 57.1300
WVU ERC msg_id:99

KC3RXZ-9 audio level = 68(5/5)   [NONE]   ___||____
[0.3] KC3RXZ-9>HYMTR,WIDE1-1,WIDE2-2:=3938.28N/07957.13WSWVU ERC msg_id:106
Position, SHUTTLE
N 39 38.2800, W 079 57.1300
WVU ERC msg_id:106

KC3RXZ-9 audio level = 67(5/5)   [NONE]   ___|:____
[0.3] KC3RXZ-9>HYMTR,WIDE1-1,WIDE2-2:=3938.28N/07957.13WSWVU ERC msg_id:113
Position, SHUTTLE
N 39 38.2800, W 079 57.1300
WVU ERC msg_id:113

KC3RXZ-9 audio level = 65(5/5)   [NONE]   ___||____
[0.3] KC3RXZ-9>HYMTR,WIDE1-1,WIDE2-2:=3938.28N/07957.13WSWVU ERC msg_id:120
Position, SHUTTLE
N 39 38.2800, W 079 57.1300
WVU ERC msg_id:120

KC3RXZ-9 audio level = 66(5/5)   [NONE]   ___|:____
[0.3] KC3RXZ-9>HYMTR,WIDE1-1,WIDE2-2:=3938.28N/07957.13WSWVU ERC msg_id:127
Position, SHUTTLE
N 39 38.2800, W 079 57.1300
WVU ERC msg_id:127

KC3RXZ-9 audio level = 65(5/5)   [NONE]   ___||____
[0.3] KC3RXZ-9>HYMTR,WIDE1-1,WIDE2-2:=3938.28N/07957.13WSWVU ERC msg_id:134
Position, SHUTTLE
N 39 38.2800, W 079 57.1300
WVU ERC msg_id:134

KC3RXZ-9 audio level = 67(5/5)   [NONE]   ___||____
[0.3] KC3RXZ-9>HYMTR,WIDE1-1,WIDE2-2:=3938.28N/07957.13WSWVU ERC msg_id:140
Position, SHUTTLE
N 39 38.2800, W 079 57.1300
WVU ERC msg_id:140

KC3RXZ-9 audio level = 67(5/5)   [NONE]   ___||____
[0.3] KC3RXZ-9>HYMTR,WIDE1-1,WIDE2-2:=3938.28N/07957.13WSWVU ERC msg_id:146
Position, SHUTTLE
N 39 38.2800, W 079 57.1300
WVU ERC msg_id:146

KC3RXZ-9 audio level = 66(5/5)   [SINGLE]   ____:____
[0.4] KC3RXZ-9>HYMTR,WIDE1-1,WIDE2-2:=3938.28N/07957.13WSWVU ERC msg_id:153
Position, SHUTTLE
N 39 38.2800, W 079 57.1300
WVU ERC msg_id:153

KC3RXZ-9 audio level = 66(5/5)   [NONE]   ___||____
[0.3] KC3RXZ-9>HYMTR,WIDE1-1,WIDE2-2:=3938.28N/07957.13WSWVU ERC msg_id:160
Position, SHUTTLE
N 39 38.2800, W 079 57.1300
WVU ERC msg_id:160

KC3RXZ-9 audio level = 67(5/5)   [NONE]   ___|:____
[0.3] KC3RXZ-9>HYMTR,WIDE1-1,WIDE2-2:=3938.28N/07957.13WSWVU ERC msg_id:167
Position, SHUTTLE
N 39 38.2800, W 079 57.1300
WVU ERC msg_id:167

KC3RXZ-9 audio level = 65(5/5)   [NONE]   ___|:____
[0.3] KC3RXZ-9>HYMTR,WIDE1-1,WIDE2-2:=3938.28N/07957.13WSWVU ERC msg_id:174
Position, SHUTTLE
N 39 38.2800, W 079 57.1300
WVU ERC msg_id:174

KC3RXZ-9 audio level = 67(5/5)   [NONE]   ___||____
[0.3] KC3RXZ-9>HYMTR,WIDE1-1,WIDE2-2:=3938.28N/07957.13WSWVU ERC msg_id:181
Position, SHUTTLE
N 39 38.2800, W 079 57.1300
WVU ERC msg_id:181

KC3RXZ-9 audio level = 65(5/5)   [NONE]   ___||____
[0.3] KC3RXZ-9>HYMTR,WIDE1-1,WIDE2-2:=3938.28N/07957.13WSWVU ERC msg_id:6
Position, SHUTTLE
N 39 38.2800, W 079 57.1300
WVU ERC msg_id:6

KC3RXZ-9 audio level = 67(5/5)   [NONE]   ___||____
[0.3] KC3RXZ-9>HYMTR,WIDE1-1,WIDE2-2:=3938.28N/07957.13WSWVU ERC msg_id:13
Position, SHUTTLE
N 39 38.2800, W 079 57.1300
WVU ERC msg_id:13

KC3RXZ-9 audio level = 66(5/5)   [NONE]   ___|:____
[0.3] KC3RXZ-9>HYMTR,WIDE1-1,WIDE2-2:=3938.28N/07957.13WSWVU ERC msg_id:20
Position, SHUTTLE
N 39 38.2800, W 079 57.1300
WVU ERC msg_id:20

KC3RXZ-9 audio level = 65(5/5)   [NONE]   ___||____
[0.3] KC3RXZ-9>HYMTR,WIDE1-1,WIDE2-2:=3938.28N/07957.13WSWVU ERC msg_id:27
Position, SHUTTLE
N 39 38.2800, W 079 57.1300
WVU ERC msg_id:27

KC3RXZ-9 audio level = 66(5/5)   [NONE]   ___||____
[0.3] KC3RXZ-9>HYMTR,WIDE1-1,WIDE2-2:=3938.28N/07957.13WSWVU ERC msg_id:32
Position, SHUTTLE
N 39 38.2800, W 079 57.1300
WVU ERC msg_id:32

KC3RXZ-9 audio level = 65(5/5)   [NONE]   ___||____
[0.3] KC3RXZ-9>HYMTR,WIDE1-1,WIDE2-2:=3938.28N/07957.13WSWVU ERC msg_id:39
Position, SHUTTLE
N 39 38.2800, W 079 57.1300
WVU ERC msg_id:39

KC3RXZ-9 audio level = 67(5/5)   [NONE]   ___|_____
[0.3] KC3RXZ-9>HYMTR,WIDE1-1,WIDE2-2:=3938.28N/07957.13WSWVU ERC msg_id:46
Position, SHUTTLE
N 39 38.2800, W 079 57.1300
WVU ERC msg_id:46

KC3RXZ-9 audio level = 67(5/5)   [NONE]   ___||____
[0.3] KC3RXZ-9>HYMTR,WIDE1-1,WIDE2-2:=3938.28N/07957.13WSWVU ERC msg_id:52
Position, SHUTTLE
N 39 38.2800, W 079 57.1300
WVU ERC msg_id:52

KC3RXZ-9 audio level = 68(5/5)   [NONE]   ___|:____
[0.3] KC3RXZ-9>HYMTR,WIDE1-1,WIDE2-2:=3938.28N/07957.13WSWVU ERC msg_id:59
Position, SHUTTLE
N 39 38.2800, W 079 57.1300
WVU ERC msg_id:59

KC3RXZ-9 audio level = 66(5/5)   [NONE]   ___||____
[0.3] KC3RXZ-9>HYMTR,WIDE1-1,WIDE2-2:=3938.28N/07957.13WSWVU ERC msg_id:6
Position, SHUTTLE
N 39 38.2800, W 079 57.1300
WVU ERC msg_id:6

KC3RXZ-9 audio level = 66(5/5)   [NONE]   ___|:____
[0.3] KC3RXZ-9>HYMTR,WIDE1-1,WIDE2-2:=3938.28N/07957.13WSWVU ERC msg_id:12
Position, SHUTTLE
N 39 38.2800, W 079 57.1300
WVU ERC msg_id:12

KC3RXZ-9 audio level = 55(6/5)   [NONE]   ___:|____
[0.4] KC3RXZ-9>HYMTR,WIDE1-1,WIDE2-2:=3938.28N/07957.13WSWVUERC msg_id:7
Position, SHUTTLE
N 39 38.2800, W 079 57.1300
WVUERC msg_id:7

KC3RXZ-9 audio level = 56(6/5)   [NONE]   ___:|____
[0.4] KC3RXZ-9>HYMTR,WIDE1-1,WIDE2-2:=3938.28N/07957.13WSWVUERC msg_id:13
Position, SHUTTLE
N 39 38.2800, W 079 57.1300
WVUERC msg_id:13

KC3RXZ-9 audio level = 53(6/5)   [NONE]   ____|____
[0.4] KC3RXZ-9>HYMTR,WIDE1-1,WIDE2-2:=3938.28N/07957.13WSWVUERC msg_id:20
Position, SHUTTLE
N 39 38.2800, W 079 57.1300
WVUERC msg_id:20

KC3RXZ-9 audio level = 68(5/4)   [NONE]   ___|_____
[0.3] KC3RXZ-9>HYMTR,WIDE1-1,WIDE2-2:=3938.28N/07957.13WSWVUERC msg_id:46
Position, SHUTTLE
N 39 38.2800, W 079 57.1300
WVUERC msg_id:46

KC3RXZ-9 audio level = 66(5/5)   [NONE]   ___|_____
[0.3] KC3RXZ-9>HYMTR,WIDE1-1,WIDE2-2:=3938.28N/07957.13WSWVUERC msg_id:6
Position, SHUTTLE
N 39 38.2800, W 079 57.1300
WVUERC msg_id:6

KC3RXZ-9 audio level = 66(5/5)   [NONE]   ___||____
[0.3] KC3RXZ-9>HYMTR,WIDE1-1,WIDE2-2:=3938.28N/07957.13WSWVUERC msg_id:12
Position, SHUTTLE
N 39 38.2800, W 079 57.1300
WVUERC msg_id:12

KC3RXZ-9 audio level = 66(5/5)   [NONE]   ___|:____
[0.3] KC3RXZ-9>HYMTR,WIDE1-1,WIDE2-2:=3938.28N/07957.13WSWVUERC msg_id:18
Position, SHUTTLE
N 39 38.2800, W 079 57.1300
WVUERC msg_id:18

KC3RXZ-9 audio level = 66(5/5)   [NONE]   ___||____
[0.3] KC3RXZ-9>HYMTR,WIDE1-1,WIDE2-2:=3938.28N/07957.13WSWVUERC msg_id:24
Position, SHUTTLE
N 39 38.2800, W 079 57.1300
WVUERC msg_id:24

KC3RXZ-9 audio level = 66(5/5)   [NONE]   ___||____
[0.3] KC3RXZ-9>HYMTR,WIDE1-1,WIDE2-2:=3938.28N/07957.13WSWVUERC msg_id:30
Position, SHUTTLE
N 39 38.2800, W 079 57.1300
WVUERC msg_id:30

KC3RXZ-9 audio level = 67(5/5)   [NONE]   ___||____
[0.3] KC3RXZ-9>HYMTR,WIDE1-1,WIDE2-2:=3938.28N/07957.13WSWVUERC msg_id:37
Position, SHUTTLE
N 39 38.2800, W 079 57.1300
WVUERC msg_id:37

KC3RXZ-9 audio level = 65(5/5)   [NONE]   ___||____
[0.3] KC3RXZ-9>HYMTR,WIDE1-1,WIDE2-2:=3938.28N/07957.13WSWVUERC msg_id:43
Position, SHUTTLE
N 39 38.2800, W 079 57.1300
WVUERC msg_id:43

KC3RXZ-9 audio level = 66(5/5)   [NONE]   ___||____
[0.3] KC3RXZ-9>HYMTR,WIDE1-1,WIDE2-2:=3938.28N/07957.13WSWVUERC msg_id:48
Position, SHUTTLE
N 39 38.2800, W 079 57.1300
WVUERC msg_id:48

KC3RXZ-9 audio level = 66(5/5)   [NONE]   ___||____
[0.3] KC3RXZ-9>HYMTR,WIDE1-1,WIDE2-2:=3938.28N/07957.13WSWVUERC msg_id:54
Position, SHUTTLE
N 39 38.2800, W 079 57.1300
WVUERC msg_id:54

KC3RXZ-9 audio level = 66(5/5)   [NONE]   ___||____
[0.3] KC3RXZ-9>HYMTR,WIDE1-1,WIDE2-2:=3938.28N/07957.13WSWVUERC msg_id:60
Position, SHUTTLE
N 39 38.2800, W 079 57.1300
WVUERC msg_id:60

KC3RXZ-9 audio level = 64(5/5)   [NONE]   ___||____
[0.3] KC3RXZ-9>HYMTR,WIDE1-1,WIDE2-2:=3938.28N/07957.13WSWVUERC msg_id:67
"67" in comment looks like it might be a CTCSS tone in non-standard format.
For most systems to recognize it, use exactly this form "T067" at near beginning of comment, after any frequency.
Position, SHUTTLE
N 39 38.2800, W 079 57.1300, PL 67.0
WVUERC msg_id:67

KC3RXZ-9 audio level = 67(5/5)   [NONE]   ___||____
[0.3] KC3RXZ-9>HYMTR,WIDE1-1,WIDE2-2:=3938.28N/07957.13WSWVUERC msg_id:74
Position, SHUTTLE
N 39 38.2800, W 079 57.1300
WVUERC msg_id:74

KC3RXZ-9 audio level = 66(5/5)   [NONE]   ___||____
[0.3] KC3RXZ-9>HYMTR,WIDE1-1,WIDE2-2:=3938.28N/07957.13WSWVUERC msg_id:81
Position, SHUTTLE
N 39 38.2800, W 079 57.1300
WVUERC msg_id:81

KC3RXZ-9 audio level = 65(5/5)   [NONE]   ___|:____
[0.3] KC3RXZ-9>HYMTR,WIDE1-1,WIDE2-2:=3938.28N/07957.13WSWVUERC msg_id:88
Position, SHUTTLE
N 39 38.2800, W 079 57.1300
WVUERC msg_id:88

KC3RXZ-9 audio level = 66(5/5)   [NONE]   ___|_____
[0.3] KC3RXZ-9>HYMTR,WIDE1-1,WIDE2-2:=3938.28N/07957.13WSWVUERC msg_id:95
Position, SHUTTLE
N 39 38.2800, W 079 57.1300
WVUERC msg_id:95

KC3RXZ-9 audio level = 65(5/5)   [NONE]   ___||____
[0.3] KC3RXZ-9>HYMTR,WIDE1-1,WIDE2-2:=3938.28N/07957.13WSWVUERC msg_id:102
Position, SHUTTLE
N 39 38.2800, W 079 57.1300
WVUERC msg_id:102

KC3RXZ-9 audio level = 65(5/5)   [NONE]   ___||____
[0.3] KC3RXZ-9>HYMTR,WIDE1-1,WIDE2-2:=3938.28N/07957.13WSWVUERC msg_id:108
Position, SHUTTLE
N 39 38.2800, W 079 57.1300
WVUERC msg_id:108

KC3RXZ-9 audio level = 68(5/5)   [NONE]   ___|_____
[0.3] KC3RXZ-9>HYMTR,WIDE1-1,WIDE2-2:=3938.28N/07957.13WSWVUERC msg_id:7
Position, SHUTTLE
N 39 38.2800, W 079 57.1300
WVUERC msg_id:7

KC3RXZ-9 audio level = 66(5/5)   [NONE]   ___||____
[0.3] KC3RXZ-9>HYMTR,WIDE1-1,WIDE2-2:=3938.28N/07957.13WSWVUERC msg_id:13
Position, SHUTTLE
N 39 38.2800, W 079 57.1300
WVUERC msg_id:13

KC3RXZ-9 audio level = 67(5/5)   [NONE]   ___||____
[0.3] KC3RXZ-9>HYMTR,WIDE1-1,WIDE2-2:=3938.28N/07957.13WSWVUERC msg_id:19
Position, SHUTTLE
N 39 38.2800, W 079 57.1300
WVUERC msg_id:19

KC3RXZ-9 audio level = 66(5/5)   [NONE]   ___||____
[0.3] KC3RXZ-9>HYMTR,WIDE1-1,WIDE2-2:=3938.28N/07957.13WSWVUERC msg_id:26
Position, SHUTTLE
N 39 38.2800, W 079 57.1300
WVUERC msg_id:26

Error reading from IGate server.  Closing connection.

Connect to IGate server noam.aprs2.net (2604:4300:a:224::1e3:d765) failed.

Connect to IGate server noam.aprs2.net (2603:c023:4003:5b1b:209f:986:2aba:4c8d) failed.

Connect to IGate server noam.aprs2.net (44.10.10.10) failed.

Connect to IGate server noam.aprs2.net (168.138.92.145) failed.

Connect to IGate server noam.aprs2.net (69.197.140.169) failed.

Connect to IGate server noam.aprs2.net (2001:19f0:b002:8f6:5400:4ff:fe3f:5199) failed.

Connect to IGate server noam.aprs2.net (155.138.146.241) failed.

Connect to IGate server noam.aprs2.net (173.242.239.99) failed.

Connect to IGate server noam.aprs2.net (167.114.2.176) failed.

Connect to IGate server noam.aprs2.net (44.24.241.98) failed.

Connect to IGate server noam.aprs2.net (100.16.151.179) failed.


Now connected to IGate server noam.aprs2.net (44.10.10.10)
Check server status here http://44.10.10.10:14501

[ig] # aprsc 2.1.14-g5e22b37
[ig] # logresp KE8TJE verified, server T2SJC
