
2023-10-01 11:50:57 EDT: KE8TJE-11>HYMTR,WIDE1-1,WIDE2-2,qAO,KE8TJE:=3905.66N/08028.15WONEBP WV:2,09,0.99,alt=310.0M
2023-10-01 11:51:36 EDT: KE8TJE-11>HYMTR,WIDE1-1,WIDE2-2,qAO,KE8TJE:=3905.66N/08028.15WONEBP WV:,,alt=
2023-10-01 11:52:14 EDT: KE8TJE-11>HYMTR,WIDE1-1,WIDE2-2,qAO,KE8TJE:=3905.65N/08028.15WONEBP WV:2,10,0.82,alt=305.6M
2023-10-01 11:54:12 EDT: KE8TJE-11>HYMTR,WIDE1-1,WIDE2-2,qAO,KE8TJE:=3905.66N/08028.15WONEBP WV:2,09,0.88,alt=305.0M [Duplicate position packet]
2023-10-01 11:54:51 EDT: KE8TJE-11>HYMTR,WIDE1-1,WIDE2-2,qAO,KE8TJE:=3905.66N/08028.15WONEBP WV:2,09,0.88,alt=306.5M [Duplicate position packet]
2023-10-01 11:55:29 EDT: KE8TJE-11>HYMTR,WIDE1-1,WIDE2-2,qAO,KE8TJE:=3905.66N/08028.15WONEBP WV:2,10,0.82,alt=306.1M [Duplicate position packet]
2023-10-01 11:56:10 EDT: KE8TJE-11>HYMTR,WIDE1-1,WIDE2-2,qAO,KE8TJE:=3905.66N/08028.15WONEBP WV:2,09,0.88,alt=306.2M [Duplicate position packet]
2023-10-01 11:56:49 EDT: KE8TJE-11>HYMTR,WIDE1-1,WIDE2-2,qAO,KE8TJE:=3905.66N/08028.15WONEBP WV:2,09,0.88,alt=305.2M [Duplicate position packet]
2023-10-01 11:58:08 EDT: KE8TJE-11>HYMTR,WIDE1-1,WIDE2-2,qAO,KE8TJE:=3905.66N/08028.15WONEBP WV:2,09,0.88,alt=306.7M [Duplicate position packet]
2023-10-01 11:59:28 EDT: KE8TJE-11>HYMTR,WIDE1-1,WIDE2-2,qAO,KE8TJE:=3905.66N/08028.15WONEBP WV:2,09,0.88,alt=306.6M [Duplicate position packet]
2023-10-01 12:00:07 EDT: KE8TJE-11>HYMTR,WIDE1-1,WIDE2-2,qAO,KE8TJE:=3905.66N/08028.15WONEBP WV:2,10,0.82,alt=307.0M [Duplicate position packet]
2023-10-01 12:00:46 EDT: KE8TJE-11>HYMTR,WIDE1-1,WIDE2-2,qAO,KE8TJE:=3905.66N/08028.15WONEBP WV:2,10,0.82,alt=306.1M [Duplicate position packet]
2023-10-01 12:01:26 EDT: KE8TJE-11>HYMTR,WIDE1-1,WIDE2-2,qAO,KE8TJE:=3905.66N/08028.15WONEBP WV:2,10,0.82,alt=305.6M [Duplicate position packet]
2023-10-01 12:02:07 EDT: KE8TJE-11>HYMTR,WIDE1-1,WIDE2-2,qAO,KE8TJE:=3905.66N/08028.15WONEBP WV:2,11,0.79,alt=306.0M [Duplicate position packet]
2023-10-01 12:02:50 EDT: KE8TJE-11>HYMTR,WIDE1-1,WIDE2-2,qAO,KE8TJE:=3905.66N/08028.15WONEBP WV:2,11,0.79,alt=305.4M [Duplicate position packet]
2023-10-01 12:03:35 EDT: KE8TJE-11>HYMTR,WIDE1-1,WIDE2-2,qAO,KE8TJE:=3905.66N/08028.15WONEBP WV:2,11,0.85,alt=305.5M [Duplicate position packet]
2023-10-01 12:04:19 EDT: KE8TJE-11>HYMTR,WIDE1-1,WIDE2-2,qAO,KE8TJE:=3905.66N/08028.15WONEBP WV:2,12,0.77,alt=306.8M [Duplicate position packet]
2023-10-01 12:05:03 EDT: KE8TJE-11>HYMTR,WIDE1-1,WIDE2-2,qAO,KE8TJE:=3905.66N/08028.15WONEBP WV:2,12,0.77,alt=307.3M [Duplicate position packet]
2023-10-01 12:05:46 EDT: KE8TJE-11>HYMTR,WIDE1-1,WIDE2-2,qAO,KE8TJE:=3905.66N/08028.15WONEBP WV:2,11,0.85,alt=306.3M [Duplicate position packet]
2023-10-01 12:06:29 EDT: KE8TJE-11>HYMTR,WIDE1-1,WIDE2-2,qAO,KE8TJE:=3905.66N/08028.15WONEBP WV:2,11,0.85,alt=305.2M [Duplicate position packet]
2023-10-01 12:07:39 EDT: KE8TJE-11>HYMTR,WIDE1-1,WIDE2-2,qAO,KE8TJE:=3905.66N/08028.15WONEBP WV:2,09,1.00,alt=307.2M [Duplicate position packet]
2023-10-01 12:08:15 EDT: KE8TJE-11>HYMTR,WIDE1-1,WIDE2-2,qAO,KE8TJE:=3905.66N/08028.15,ONEBP WV:2,09,1.01,alt=308.0M [Invalid uncompressed location]
2023-10-01 12:08:50 EDT: KE8TJE-11>HYMTR,WIDE1-1,WIDE2-2,qAO,KE8TJE:=3905.66N/08028.15WONEBP WV:2,09,1.01,alt=309.0M [Duplicate position packet]
2023-10-01 12:09:25 EDT: KE8TJE-11>HYMTR,WIDE1-1,WIDE2-2,qAO,KE8TJE:=3905.66N/08028.15WONEBP WV:2,09,1.07,alt=310.1M [Duplicate position packet]
2023-10-01 12:09:59 EDT: KE8TJE-11>HYMTR,WIDE1-1,WIDE2-2,qAO,KE8TJE:=3905.66N/08028.15WONEBP WV:2,09,0.96,alt=312.0M [Duplicate position packet]
2023-10-01 12:11:10 EDT: KE8TJE-11>HYMTR,WIDE1-1,WIDE2-2,qAO,KE8TJE:=3905.66N/08028.15WONEBP WV:2,09,1.01,alt=308.7M [Duplicate position packet]
2023-10-01 12:11:45 EDT: KE8TJE-11>HYMTR,WIDE1-1,WIDE2-2,qAO,KE8TJE:=3905.66N/08028.15,ONEBP WV:2,09,1.01,alt=307.7M [Invalid uncompressed location]
2023-10-01 12:12:20 EDT: KE8TJE-11>HYMTR,WIDE1-1,WIDE2-2,qAO,KE8TJE:=3905.66N/08028.15WONEBP WV:2,09,1.02,alt=307.5M [Duplicate position packet]
2023-10-01 12:12:54 EDT: KE8TJE-11>HYMTR,WIDE1-1,WIDE2-2,qAO,KE8TJE:=3905.66N/08028.15WONEBP WV:2,09,1.02,alt=308.1M [Duplicate position packet]
2023-10-01 12:13:30 EDT: KE8TJE-11>HYMTR,WIDE1-1,WIDE2-2,qAO,KE8TJE:=3905.66N/08028.15,ONEBP WV:2,09,1.02,alt=308.5M [Invalid uncompressed location]
2023-10-01 12:14:05 EDT: KE8TJE-11>HYMTR,WIDE1-1,WIDE2-2,qAO,KE8TJE:=3905.66N/08028.15WONEBP WV:2,10,0.99,alt=309.1M [Duplicate position packet]
2023-10-01 12:14:40 EDT: KE8TJE-11>HYMTR,WIDE1-1,WIDE2-2,qAO,KE8TJE:=3905.66N/08028.15,ONEBP WV:2,10,0.99,alt=308.5M [Invalid uncompressed location]
2023-10-01 12:15:15 EDT: KE8TJE-11>HYMTR,WIDE1-1,WIDE2-2,qAO,KE8TJE:=3905.66N/08028.15WONEBP WV:2,10,0.99,alt=308.0M [Duplicate position packet]
2023-10-01 12:15:50 EDT: KE8TJE-11>HYMTR,WIDE1-1,WIDE2-2,qAO,KE8TJE:=3905.66N/08028.15WONEBP WV:2,10,1.00,alt=307.8M [Duplicate position packet]
2023-10-01 12:16:25 EDT: KE8TJE-11>HYMTR,WIDE1-1,WIDE2-2,qAO,KE8TJE:=3905.66N/08028.15WONEBP WV:2,10,1.04,alt=307.5M [Duplicate position packet]
2023-10-01 12:17:00 EDT: KE8TJE-11>HYMTR,WIDE1-1,WIDE2-2,qAO,KE8TJE:=3905.66N/08028.15WONEBP WV:2,10,1.00,alt=307.9M [Duplicate position packet]
2023-10-01 12:17:34 EDT: KE8TJE-11>HYMTR,WIDE1-1,WIDE2-2,qAO,KE8TJE:=3905.66N/08028.15WONEBP WV:2,10,1.00,alt=307.9M [Duplicate position packet]
2023-10-01 12:18:10 EDT: KE8TJE-11>HYMTR,WIDE1-1,WIDE2-2,qAO,KE8TJE:=3905.66N/08028.15WONEBP WV:2,10,1.00,alt=308.1M [Duplicate position packet]
2023-10-01 12:18:45 EDT: KE8TJE-11>HYMTR,WIDE1-1,WIDE2-2,qAO,KE8TJE:=3905.66N/08028.15WONEBP WV:2,10,1.00,alt=309.3M [Duplicate position packet]
2023-10-01 12:19:21 EDT: KE8TJE-11>HYMTR,WIDE1-1,WIDE2-2,qAO,KE8TJE:=3905.66N/08028.15WONEBP WV:2,10,1.01,alt=307.9M [Duplicate position packet]
2023-10-01 12:19:56 EDT: KE8TJE-11>HYMTR,WIDE1-1,WIDE2-2,qAO,KE8TJE:=3905.66N/08028.15WONEBP WV:2,10,1.01,alt=308.4M [Duplicate position packet]
2023-10-01 12:20:31 EDT: KE8TJE-11>HYMTR,WIDE1-1,WIDE2-2,qAO,KE8TJE:=3905.66N/08028.15WONEBP WV:2,10,1.01,alt=307.9M [Duplicate position packet]
2023-10-01 12:21:06 EDT: KE8TJE-11>HYMTR,WIDE1-1,WIDE2-2,qAO,KE8TJE:=3905.66N/08028.15WONEBP WV:2,10,1.01,alt=308.0M [Duplicate position packet]
2023-10-01 12:21:42 EDT: KE8TJE-11>HYMTR,WIDE1-1,WIDE2-2,qAO,KE8TJE:=3905.66N/08028.15WONEBP WV:2,10,1.01,alt=307.8M [Duplicate position packet]
2023-10-01 12:22:22 EDT: KE8TJE-11>HYMTR,WIDE1-1,WIDE2-2,qAO,KE8TJE:=3905.66N/08028.15WONEBP WV:2,10,1.01,alt=308.7M [Duplicate position packet]
2023-10-01 12:23:02 EDT: KE8TJE-11>HYMTR,WIDE1-1,WIDE2-2,qAO,KE8TJE:=3905.66N/08028.15WONEBP WV:2,10,1.02,alt=308.5M [Duplicate position packet]
2023-10-01 12:23:41 EDT: KE8TJE-11>HYMTR,WIDE1-1,WIDE2-2,qAO,KE8TJE:=3905.66N/08028.15WONEBP WV:2,10,1.02,alt=308.7M
2023-10-01 12:24:20 EDT: KE8TJE-11>HYMTR,WIDE1-1,WIDE2-2,qAO,KE8TJE:=3905.66N/08028.15WONEBP WV:2,10,1.02,alt=308.3M
2023-10-01 12:24:59 EDT: KE8TJE-11>HYMTR,WIDE1-1,WIDE2-2,qAO,KE8TJE:=3905.66N/08028.15WONEBP WV:2,09,1.24,alt=307.4M
2023-10-01 12:25:39 EDT: KE8TJE-11>HYMTR,WIDE1-1,WIDE2-2,qAO,KE8TJE:=3905.66N/08028.15WONEBP WV:2,09,1.24,alt=307.2M
2023-10-01 12:26:19 EDT: KE8TJE-11>HYMTR,WIDE1-1,WIDE2-2,qAO,KE8TJE:=3905.66N/08028.15WONEBP WV:2,09,1.24,alt=307.2M
2023-10-01 12:26:57 EDT: KE8TJE-11>HYMTR,WIDE1-1,WIDE2-2,qAO,KE8TJE:=3905.66N/08028.15WONEBP WV:2,09,1.24,alt=308.8M
2023-10-01 12:27:37 EDT: KE8TJE-11>HYMTR,WIDE1-1,WIDE2-2,qAO,KE8TJE:=3905.66N/08028.15WONEBP WV:2,09,1.24,alt=309.0M
2023-10-01 12:28:17 EDT: KE8TJE-11>HYMTR,WIDE1-1,WIDE2-2,qAO,KE8TJE:=3905.66N/08028.15WONEBP WV:2,09,1.24,alt=308.0M
2023-10-01 12:28:58 EDT: KE8TJE-11>HYMTR,WIDE1-1,WIDE2-2,qAO,KE8TJE:=3905.66N/08028.15WONEBP WV:2,09,1.24,alt=309.1M
2023-10-01 12:29:37 EDT: KE8TJE-11>HYMTR,WIDE1-1,WIDE2-2,qAO,KE8TJE:=3905.66N/08028.15WONEBP WV:2,09,1.24,alt=308.7M
2023-10-01 12:30:16 EDT: KE8TJE-11>HYMTR,WIDE1-1,WIDE2-2,qAO,KE8TJE:=3905.66N/08028.15WONEBP WV:2,09,1.24,alt=309.1M
2023-10-01 12:30:56 EDT: KE8TJE-11>HYMTR,WIDE1-1,WIDE2-2,qAO,KE8TJE:=3905.66N/08028.15WONEBP WV:2,09,1.24,alt=308.7M
2023-10-01 12:31:35 EDT: KE8TJE-11>HYMTR,WIDE1-1,WIDE2-2,qAO,KE8TJE:=3905.66N/08028.15WONEBP WV:2,09,1.24,alt=308.1M
2023-10-01 12:32:15 EDT: KE8TJE-11>HYMTR,WIDE1-1,WIDE2-2,qAO,KE8TJE:=3905.66N/08028.15WONEBP WV:2,09,1.24,alt=308.1M
2023-10-01 12:32:54 EDT: KE8TJE-11>HYMTR,WIDE1-1,WIDE2-2,qAO,KE8TJE:=3905.66N/08028.15WONEBP WV:2,09,1.23,alt=308.4M
2023-10-01 12:33:35 EDT: KE8TJE-11>HYMTR,WIDE1-1,WIDE2-2,qAO,KE8TJE:=3905.66N/08028.15WONEBP WV:2,09,1.23,alt=309.0M
2023-10-01 12:34:15 EDT: KE8TJE-11>HYMTR,WIDE1-1,WIDE2-2,qAO,KE8TJE:=3905.66N/08028.15WONEBP WV:2,09,1.23,alt=308.1M
2023-10-01 12:34:55 EDT: KE8TJE-11>HYMTR,WIDE1-1,WIDE2-2,qAO,KE8TJE:=3905.66N/08028.15WONEBP WV:2,09,1.23,alt=307.4M
2023-10-01 12:35:35 EDT: KE8TJE-11>HYMTR,WIDE1-1,WIDE2-2,qAO,KE8TJE:=3905.66N/08028.15WONEBP WV:2,09,1.23,alt=308.4M
2023-10-01 12:36:14 EDT: KE8TJE-11>HYMTR,WIDE1-1,WIDE2-2,qAO,KE8TJE:=3905.66N/08028.15WONEBP WV:2,09,1.23,alt=308.0M
2023-10-01 12:37:34 EDT: KE8TJE-11>HYMTR,WIDE1-1,WIDE2-2,qAO,KE8TJE:=3905.66N/08028.15WONEBP WV:2,09,1.23,alt=308.9M
2023-10-01 12:38:14 EDT: KE8TJE-11>HYMTR,WIDE1-1,WIDE2-2,qAO,KE8TJE:=3905.66N/08028.15WONEBP WV:2,09,1.23,alt=307.3M
2023-10-01 12:38:55 EDT: KE8TJE-11>HYMTR,WIDE1-1,WIDE2-2,qAO,KE8TJE:=3905.66N/08028.15WONEBP WV:2,09,1.23,alt=308.9M
2023-10-01 12:39:34 EDT: KE8TJE-11>HYMTR,WIDE1-1,WIDE2-2,qAO,KE8TJE:=3905.66N/08028.15WONEBP WV:2,09,1.23,alt=308.5M
2023-10-01 12:40:13 EDT: KE8TJE-11>HYMTR,WIDE1-1,WIDE2-2,qAO,KE8TJE:=3905.66N/08028.15WONEBP WV:2,09,1.22,alt=308.2M
2023-10-01 12:40:52 EDT: KE8TJE-11>HYMTR,WIDE1-1,WIDE2-2,qAO,KE8TJE:=3905.66N/08028.15WONEBP WV:2,08,1.27,alt=307.6M
2023-10-01 12:41:31 EDT: KE8TJE-11>HYMTR,WIDE1-1,WIDE2-2,qAO,KE8TJE:=3905.66N/08028.15WONEBP WV:2,09,1.22,alt=305.2M
2023-10-01 12:42:10 EDT: KE8TJE-11>HYMTR,WIDE1-1,WIDE2-2,qAO,KE8TJE:=3905.66N/08028.15WONEBP WV:2,09,1.22,alt=308.1M
2023-10-01 12:42:50 EDT: KE8TJE-11>HYMTR,WIDE1-1,WIDE2-2,qAO,KE8TJE:=3905.66N/08028.15WONEBP WV:2,09,1.22,alt=309.6M
2023-10-01 12:43:30 EDT: KE8TJE-11>HYMTR,WIDE1-1,WIDE2-2,qAO,KE8TJE:=3905.66N/08028.15WONEBP WV:2,09,1.22,alt=307.9M
2023-10-01 12:44:09 EDT: KE8TJE-11>HYMTR,WIDE1-1,WIDE2-2,qAO,KE8TJE:=3905.66N/08028.15WONEBP WV:2,09,1.26,alt=308.6M
2023-10-01 12:44:48 EDT: KE8TJE-11>HYMTR,WIDE1-1,WIDE2-2,qAO,KE8TJE:=3905.66N/08028.15WONEBP WV:2,09,1.22,alt=308.3M
2023-10-01 12:45:27 EDT: KE8TJE-11>HYMTR,WIDE1-1,WIDE2-2,qAO,KE8TJE:=3905.66N/08028.15WONEBP WV:2,09,1.22,alt=308.4M
2023-10-01 12:46:06 EDT: KE8TJE-11>HYMTR,WIDE1-1,WIDE2-2,qAO,KE8TJE:=3905.66N/08028.15WONEBP WV:2,09,1.21,alt=308.3M
2023-10-01 12:46:45 EDT: KE8TJE-11>HYMTR,WIDE1-1,WIDE2-2,qAO,KE8TJE:=3905.66N/08028.15WONEBP WV:2,09,1.21,alt=308.6M
2023-10-01 12:47:25 EDT: KE8TJE-11>HYMTR,WIDE1-1,WIDE2-2,qAO,KE8TJE:=3905.66N/08028.15WONEBP WV:2,09,1.21,alt=308.6M
2023-10-01 12:48:03 EDT: KE8TJE-11>HYMTR,WIDE1-1,WIDE2-2,qAO,KE8TJE:=3905.66N/08028.15WONEBP WV:2,09,1.21,alt=307.6M
2023-10-01 12:48:42 EDT: KE8TJE-11>HYMTR,WIDE1-1,WIDE2-2,qAO,KE8TJE:=3905.66N/08028.15WONEBP WV:2,09,1.21,alt=308.0M
2023-10-01 12:49:21 EDT: KE8TJE-11>HYMTR,WIDE1-1,WIDE2-2,qAO,KE8TJE:=3905.66N/08028.15WONEBP WV:2,09,1.21,alt=308.3M
2023-10-01 12:50:01 EDT: KE8TJE-11>HYMTR,WIDE1-1,WIDE2-2,qAO,KE8TJE:=3905.66N/08028.15WONEBP WV:2,09,1.21,alt=308.5M
2023-10-01 12:50:39 EDT: KE8TJE-11>HYMTR,WIDE1-1,WIDE2-2,qAO,KE8TJE:=3905.66N/08028.15WONEBP WV:2,09,1.21,alt=307.8M
2023-10-01 12:51:18 EDT: KE8TJE-11>HYMTR,WIDE1-1,WIDE2-2,qAO,KE8TJE:=3905.66N/08028.15WONEBP WV:2,09,1.20,alt=307.6M
2023-10-01 12:51:57 EDT: KE8TJE-11>HYMTR,WIDE1-1,WIDE2-2,qAO,KE8TJE:=3905.66N/08028.15WONEBP WV:2,09,1.20,alt=308.3M
2023-10-01 12:52:36 EDT: KE8TJE-11>HYMTR,WIDE1-1,WIDE2-2,qAO,KE8TJE:=3905.66N/08028.15WONEBP WV:2,09,1.20,alt=307.7M
2023-10-01 12:53:15 EDT: KE8TJE-11>HYMTR,WIDE1-1,WIDE2-2,qAO,KE8TJE:=3905.66N/08028.15WONEBP WV:2,09,1.20,alt=307.6M
2023-10-01 12:53:54 EDT: KE8TJE-11>HYMTR,WIDE1-1,WIDE2-2,qAO,KE8TJE:=3905.66N/08028.15WONEBP WV:2,09,1.20,alt=308.0M
2023-10-01 12:54:33 EDT: KE8TJE-11>HYMTR,WIDE1-1,WIDE2-2,qAO,KE8TJE:=3905.66N/08028.15WONEBP WV:2,09,1.20,alt=307.3M
2023-10-01 12:55:12 EDT: KE8TJE-11>HYMTR,WIDE1-1,WIDE2-2,qAO,KE8TJE:=3905.66N/08028.15WONEBP WV:2,09,1.19,alt=308.6M
2023-10-01 12:55:52 EDT: KE8TJE-11>HYMTR,WIDE1-1,WIDE2-2,qAO,KE8TJE:=3905.66N/08028.15WONEBP WV:2,09,1.19,alt=309.4M
2023-10-01 12:56:31 EDT: KE8TJE-11>HYMTR,WIDE1-1,WIDE2-2,qAO,KE8TJE:=3905.66N/08028.15WONEBP WV:2,09,1.19,alt=307.9M
2023-10-01 12:57:10 EDT: KE8TJE-11>HYMTR,WIDE1-1,WIDE2-2,qAO,KE8TJE:=3905.66N/08028.15WONEBP WV:2,09,1.19,alt=309.6M
2023-10-01 12:57:49 EDT: KE8TJE-11>HYMTR,WIDE1-1,WIDE2-2,qAO,KE8TJE:=3905.66N/08028.15WONEBP WV:2,09,1.19,alt=308.9M
2023-10-01 12:58:28 EDT: KE8TJE-11>HYMTR,WIDE1-1,WIDE2-2,qAO,KE8TJE:=3905.66N/08028.15WONEBP WV:2,09,1.19,alt=308.6M
2023-10-01 12:59:07 EDT: KE8TJE-11>HYMTR,WIDE1-1,WIDE2-2,qAO,KE8TJE:=3905.66N/08028.15WONEBP WV:2,09,1.19,alt=308.5M
2023-10-01 12:59:46 EDT: KE8TJE-11>HYMTR,WIDE1-1,WIDE2-2,qAO,KE8TJE:=3905.66N/08028.15WONEBP WV:2,08,1.23,alt=307.5M
2023-10-01 13:00:24 EDT: KE8TJE-11>HYMTR,WIDE1-1,WIDE2-2,qAO,KE8TJE:=3905.66N/08028.15WONEBP WV:2,08,1.22,alt=311.8M
2023-10-01 13:01:03 EDT: KE8TJE-11>HYMTR,WIDE1-1,WIDE2-2,qAO,KE8TJE:=3905.66N/08028.15WONEBP WV:2,08,1.22,alt=314.5M
2023-10-01 13:01:42 EDT: KE8TJE-11>HYMTR,WIDE1-1,WIDE2-2,qAO,KE8TJE:=3905.66N/08028.15WONEBP WV:2,07,1.25,alt=313.9M
2023-10-01 13:02:21 EDT: KE8TJE-11>HYMTR,WIDE1-1,WIDE2-2,qAO,KE8TJE:=3905.66N/08028.15WONEBP WV:2,07,1.26,alt=314.9M
2023-10-01 13:03:00 EDT: KE8TJE-11>HYMTR,WIDE1-1,WIDE2-2,qAO,KE8TJE:=3905.66N/08028.15WONEBP WV:2,08,1.22,alt=313.5M
2023-10-01 13:03:39 EDT: KE8TJE-11>HYMTR,WIDE1-1,WIDE2-2,qAO,KE8TJE:=3905.66N/08028.15WONEBP WV:2,08,1.22,alt=315.1M
2023-10-01 13:04:18 EDT: KE8TJE-11>HYMTR,WIDE1-1,WIDE2-2,qAO,KE8TJE:=3905.66N/08028.15WONEBP WV:2,07,1.28,alt=312.4M
2023-10-01 13:04:58 EDT: KE8TJE-11>HYMTR,WIDE1-1,WIDE2-2,qAO,KE8TJE:=3905.66N/08028.15WONEBP WV:2,07,1.66,alt=312.6M
2023-10-01 13:05:37 EDT: KE8TJE-11>HYMTR,WIDE1-1,WIDE2-2,qAO,KE8TJE:=3905.60N/08028.15WONEBP WV:2,07,1.27,alt=474.1M
2023-10-01 13:06:15 EDT: KE8TJE-11>HYMTR,WIDE1-1,WIDE2-2,qAO,KE8TJE:=3905.56N/08028.18WONEBP WV:2,08,1.21,alt=653.2M
2023-10-01 13:06:55 EDT: KE8TJE-11>HYMTR,WIDE1-1,WIDE2-2,qAO,KE8TJE:=3905.50N/08028.23WONEBP WV:2,08,1.21,alt=844.6M
2023-10-01 13:07:34 EDT: KE8TJE-11>HYMTR,WIDE1-1,WIDE2-2,qAR,N8TJD-10:=3905.45N/08028.28WONEBP WV:2,08,1.20,alt=1071.5M
2023-10-01 13:08:14 EDT: KE8TJE-11>HYMTR,WIDE1-1,WIDE2-2,qAR,N8TJD-10:=3905.41N/08028.36WONEBP WV:2,08,1.20,alt=1304.2M
2023-10-01 13:08:53 EDT: KE8TJE-11>HYMTR,WIDE1-1,WIDE2-2,qAR,N8TJD-10:=3905.30N/08028.56WONEBP WV:2,07,1.26,alt=1520.4M
2023-10-01 13:09:33 EDT: KE8TJE-11>HYMTR,WIDE1-1,WIDE2-2,qAR,N8TJD-10:=3905.16N/08028.76WONEBP WV:2,08,1.20,alt=1740.9M
2023-10-01 13:10:12 EDT: KE8TJE-11>HYMTR,WIDE1-1,WIDE2-2,qAR,N8TJD-10:=3904.99N/08028.94WONEBP WV:2,07,1.25,alt=1965.5M
2023-10-01 13:10:52 EDT: KE8TJE-11>HYMTR,WIDE1-1,WIDE2-2,qAR,N8TJD-10:=3904.80N/08029.11WONEBP WV:2,07,1.25,alt=2202.4M
2023-10-01 13:11:31 EDT: KE8TJE-11>HYMTR,WIDE1-1,WIDE2-2,qAR,N8TJD-10:=3904.63N/08029.31WONEBP WV:2,07,1.25,alt=2441.7M
2023-10-01 13:12:11 EDT: KE8TJE-11>HYMTR,WIDE1-1,WIDE2-2,qAR,N8TJD-10:=3904.49N/08029.51WONEBP WV:2,07,1.25,alt=2681.3M
2023-10-01 13:12:36 EDT: KE8TJE-11>HYMTR,K8GPS-10*,WIDE1*,WOOSTR*,K8YSE-1*,WIDE2*,qAR,NV8P-1:=3904.63N/08029.31WONEBP WV:2,07,1.25,alt=2441.7M [Duplicate position packet]
2023-10-01 13:13:28 EDT: KE8TJE-11>HYMTR,WIDE1-1,WIDE2-2,qAR,K8GPS-10:=3904.26N/08029.83WONEBP WV:2,07,1.24,alt=3118.9M
2023-10-01 13:14:03 EDT: KE8TJE-11>HYMTR,WIDE1-1,WIDE2-2,qAR,N8TJD-10:=3904.16N/08029.99WONEBP WV:2,07,1.24,alt=3313.1M
2023-10-01 13:14:39 EDT: KE8TJE-11>HYMTR,WIDE1-1,WIDE2-2,qAR,K8GPS-4:=3904.06N/08030.16,ONEBP WV:2,07,1.24,alt=3516.3M [Invalid uncompressed location]
2023-10-01 13:15:14 EDT: KE8TJE-11>HYMTR,WIDE1-1,WIDE2-2,qAR,N8TJD-10:=3903.98N/08030.30WONEBP WV:2,08,1.14,alt=3721.3M
2023-10-01 13:15:49 EDT: KE8TJE-11>HYMTR,WIDE1-1,WIDE2-2,qAR,N8TJD-10:=3903.88N/08030.41WONEBP WV:2,08,1.14,alt=3930.1M
2023-10-01 13:15:56 EDT: KE8TJE-11>HYMTR,NJ3T-4*,WO3T-1*,N3DXC-2*,WIDE2*,qAR,KB3EKD-1:=3904.63N/08029.31WONEBP WV:2,07,1.25,alt=2441.7M [Location changes too fast (adaptive limit)]
2023-10-01 13:16:24 EDT: KE8TJE-11>HYMTR,WIDE1-1,WIDE2-2,qAR,N8TJD-10:=3903.79N/08030.50,ONEBP WV:2,08,1.13,alt=4140.8M [Invalid uncompressed location]
2023-10-01 13:16:59 EDT: KE8TJE-11>HYMTR,WIDE1-1,WIDE2-2,qAR,N8TJD-10:=3903.67N/08030.56WONEBP WV:2,08,1.13,alt=4345.4M
2023-10-01 13:17:58 EDT: KE8TJE-11>HYMTR,N3FB-2*,WIDE1*,N3DXC-2*,WIDE2-1,qAR,KB3EKD-1:=3904.26N/08029.83WONEBP WV:2,07,1.24,alt=3118.9M [Duplicate position packet]
2023-10-01 13:18:08 EDT: KE8TJE-11>HYMTR,WIDE1-1,WIDE2-2,qAR,N8TJD-10:=3903.39N/08030.66WONEBP WV:2,08,1.13,alt=4758.2M [Location changes too fast (adaptive limit)]
2023-10-01 13:18:35 EDT: KE8TJE-11>HYMTR,N3FB-2*,WIDE1*,NJ3T-3*,N3DXC-2*,WIDE2*,qAR,KB3EKD-1:=3904.16N/08029.99WONEBP WV:2,07,1.24,alt=3313.1M [Duplicate position packet]
2023-10-01 13:18:43 EDT: KE8TJE-11>HYMTR,WIDE1-1,WIDE2-2,qAR,W8CUL:=3903.26N/08030.69WONEBP WV:1,08,1.12,alt=4965.2M [Location changes too fast (adaptive limit)]
2023-10-01 13:19:12 EDT: KE8TJE-11>HYMTR,NJ3T-4*,K3ARL-6*,NJ3T-3*,N3DXC-2*,WIDE2*,qAR,KB3EKD-1:=3904.06N/08030.16,ONEBP WV:2,07,1.24,alt=3516.3M [Invalid uncompressed location]
2023-10-01 13:19:19 EDT: KE8TJE-11>HYMTR,WIDE1-1,WIDE2-2,qAR,N8TJD-10:=3903.13N/08030.68WONEBP WV:1,08,1.12,alt=5172.0M
2023-10-01 13:19:54 EDT: KE8TJE-11>HYMTR,WIDE1-1,WIDE2-2,qAR,N8TJD-10:=3902.99N/08030.64WONEBP WV:1,09,0.95,alt=5394.4M
2023-10-01 13:20:06 EDT: KE8TJE-11>HYMTR,KB8UVN-7*,WIDE1*,WOOSTR*,K8YSE-1*,WIDE2*,qAR,NV8P-1:=3903.26N/08030.69WONEBP WV:1,08,1.12,alt=4965.2M
2023-10-01 13:20:29 EDT: KE8TJE-11>HYMTR,WIDE1-1,WIDE2-2,qAR,N8TJD-10:=3902.84N/08030.63WONEBP WV:1,09,0.95,alt=5606.3M
2023-10-01 13:21:04 EDT: KE8TJE-11>HYMTR,NJ3T-4,N3HBE-3*,WIDE2-1,qAR,N3TJJ-13:=3902.84N/08030.63WONEBP WV:1,09,0.95,alt=5606.3M
2023-10-01 13:21:04 EDT: KE8TJE-11>HYMTR,WIDE1-1,WIDE2-2,qAR,N8TJD-10:=3902.71N/08030.59WONEBP WV:1,09,0.95,alt=5825.7M [Rate limited (< 5 sec)]
2023-10-01 13:21:39 EDT: KE8TJE-11>HYMTR,WIDE1-1,WIDE2-2,qAR,K4FDS-5:=3902.56N/0030.543,ONEBP WV:1,09,0.95,alt=6030.4M [Invalid uncompressed location]
2023-10-01 13:21:42 EDT: KE8TJE-11>HYMTR,N3KTX-4,WIDE1,N3KTX-2,KV3B-2,WIDE2*,qAR,KZ3VEA-10:=3902.84N/08030.63WONEBP WV:1,09,0.95,alt=5606.3M
2023-10-01 13:21:55 EDT: KE8TJE-11>HYMTR,K8GPS-10*,WIDE1*,WOOSTR*,K8YSE-1*,WIDE2*,qAR,NV8P-1:=3902.71N/08030.59WONEBP WV:1,09,0.95,alt=5825.7M
2023-10-01 13:22:15 EDT: KE8TJE-11>HYMTR,WIDE1-1,WIDE2-2,qAR,N8TJD-10:=3902.43N/08030.50WONEBP WV:1,09,0.95,alt=6246.8M
2023-10-01 13:22:35 EDT: KE8TJE-11>HYMTR,K8GPS-10*,WIDE1*,WOOSTR*,K8YSE-1*,WIDE2*,qAR,NV8P-1:=3902.56N/0030.543,ONEBP WV:1,09,0.95,alt=6030.4M [Invalid uncompressed location]
2023-10-01 13:22:49 EDT: KE8TJE-11>HYMTR,NJ3T-4*,K3SMT-4*,NJ3T-3*,N3DXC-2*,WIDE2*,qAR,KB3EKD-1:=3903.39N/08030.66WONEBP WV:2,08,1.13,alt=4758.2M
2023-10-01 13:22:50 EDT: KE8TJE-11>HYMTR,WIDE1-1,WIDE2-2,qAR,N8TJD-10:=3902.32N/0030.472,ONEBP WV:1,08,1.08,alt=6472.5M [Invalid uncompressed location]
2023-10-01 13:23:21 EDT: KE8TJE-11>HYMTR,KB8UVN-7*,WIDE1*,WOOSTR*,NJ3T-4*,N3DXC-2*,WIDE2*,qAR,KB3EKD-1:=3903.26N/08030.69WONEBP WV:1,08,1.12,alt=4965.2M [Duplicate position packet]
2023-10-01 13:23:26 EDT: KE8TJE-11>HYMTR,WIDE1-1,WIDE2-2,qAR,N8TJD-10:=3902.19N/08030.42WONEBP WV:1,07,1.29,alt=6694.3M [Location changes too fast (adaptive limit)]
2023-10-01 13:23:33 EDT: KE8TJE-11>HYMTR,K8GPS-10*,WIDE1*,WOOSTR*,K8YSE-1*,WIDE2*,qAR,NV8P-1:=3902.43N/08030.50WONEBP WV:1,09,0.95,alt=6246.8M [Duplicate position packet]
2023-10-01 13:24:01 EDT: KE8TJE-11>HYMTR,WIDE1-1,WIDE2-2,qAR,N8TJD-10:=3902.08N/08030.40WONEBP WV:1,08,1.08,alt=6916.7M
2023-10-01 13:24:25 EDT: KE8TJE-11>HYMTR,K8GPS-10*,WIDE1*,NEWBRY*,K8YSE-1*,WIDE2*,qAR,NV8P-1:=3902.19N/08030.42WONEBP WV:1,07,1.29,alt=6694.3M
2023-10-01 13:24:36 EDT: KE8TJE-11>HYMTR,WIDE1-1,WIDE2-2,qAR,N8TJD-10:=3901.98N/08030.32WONEBP WV:1,07,1.20,alt=7139.3M
2023-10-01 13:24:59 EDT: KE8TJE-11>HYMTR,NJ3T-4*,N3DXC-2*,WIDE2-1,qAR,KB3EKD-1:=3902.84N/08030.63WONEBP WV:1,09,0.95,alt=5606.3M [Duplicate position packet]
2023-10-01 13:25:36 EDT: KE8TJE-11>HYMTR,N3KTX-4*,WIDE1*,W3VO-1*,N3DXC-2*,WIDE2*,qAR,KB3EKD-1:=3902.71N/08030.59WONEBP WV:1,09,0.95,alt=5825.7M [Duplicate position packet]
2023-10-01 13:25:45 EDT: KE8TJE-11>HYMTR,WIDE1-1,WIDE2-2,qAR,K4FDS-5:=3901.83N/08030.16WONEBP WV:1,08,1.08,alt=7568.7M [Location changes too fast (adaptive limit)]
2023-10-01 13:26:21 EDT: KE8TJE-11>HYMTR,WIDE1-1,WIDE2-2,qAR,K8GPS-10:=3901.85N/08030.06WONEBP WV:1,08,1.08,alt=7801.2M
2023-10-01 13:26:35 EDT: KE8TJE-11>HYMTR,AKRON*,K8YSE-1*,WIDE2-1,qAR,NV8P-1:=3901.98N/08030.32WONEBP WV:1,07,1.20,alt=7139.3M [Duplicate position packet]
2023-10-01 13:26:40 EDT: KE8TJE-11>HYMTR,NJ3T-4*,K3ARL-6*,NJ3T-3*,WIDE2,qAR,KB3EKD-1:=3902.43N/08030.50WONEBP WV:1,09,0.95,alt=6246.8M [Location changes too fast (adaptive limit)]
2023-10-01 13:26:56 EDT: KE8TJE-11>HYMTR,WIDE1-1,WIDE2-2,qAR,K4FDS-5:=3901.93N/0029.987,ONEBP WV:1,09,0.89,alt=8029.7M [Invalid uncompressed location]
2023-10-01 13:27:31 EDT: KE8TJE-11>HYMTR,WIDE1-1,WIDE2-2,qAR,K8GPS-4:=3902.04N/08029.94WONEBP WV:1,10,0.79,alt=8263.3M
2023-10-01 13:27:58 EDT: KE8TJE-11>HYMTR,NJ3T-4*,N3DXC-2*,WIDE2-1,qAR,KB3EKD-1:=3902.19N/08030.42WONEBP WV:1,07,1.29,alt=6694.3M [Duplicate position packet]
2023-10-01 13:28:06 EDT: KE8TJE-11>HYMTR,WIDE1-1,WIDE2-2,qAR,K8GPS-4:=3902.16N/08029.96WONEBP WV:1,10,0.79,alt=8484.7M
2023-10-01 13:28:42 EDT: KE8TJE-11>HYMTR,WIDE1-1,WIDE2-2,qAR,K8GPS-4:=3902.29N/0030.010,ONEBP WV:1,10,0.79,alt=8715.8M [Invalid uncompressed location]
2023-10-01 13:28:57 EDT: KE8TJE-11>HYMTR,NEWBRY*,WIDE1*,W8QT-1*,K8YSE-1*,WIDE2*,qAR,NV8P-1:=3902.16N/08029.96WONEBP WV:1,10,0.79,alt=8484.7M
2023-10-01 13:29:14 EDT: KE8TJE-11>HYMTR,N3FB-2*,WIDE1*,NJ3T-3*,N3DXC-2*,WIDE2*,qAR,KB3EKD-1:=3901.98N/08030.32WONEBP WV:1,07,1.20,alt=7139.3M [Duplicate position packet]
2023-10-01 13:29:17 EDT: KE8TJE-11>HYMTR,WIDE1-1,WIDE2-2,qAR,KG4FJC-10:=3902.43N/0030.058,ONEBP WV:1,08,0.97,alt=8928.1M [Invalid uncompressed location]
2023-10-01 13:29:52 EDT: KE8TJE-11>HYMTR,WIDE1-1,WIDE2-2,qAR,K4FDS-5:=3902.52N/0030.103,ONEBP WV:1,09,0.89,alt=9145.8M [Invalid uncompressed location]
2023-10-01 13:29:59 EDT: KE8TJE-11>HYMTR,AKRON*,K8YSE-1*,WIDE2-1,qAR,NV8P-1:=3902.43N/0030.058,ONEBP WV:1,08,0.97,alt=8928.1M [Invalid uncompressed location]
2023-10-01 13:30:27 EDT: KE8TJE-11>HYMTR,WIDE1-1,WIDE2-2,qAR,K4FDS-5:=3902.60N/08030.13WONEBP WV:1,10,0.79,alt=9341.7M
2023-10-01 13:31:02 EDT: KE8TJE-11>HYMTR,WIDE1-1,WIDE2-2,qAR,K8GPS-4:=3902.67N/0030.268,ONEBP WV:1,10,0.79,alt=9572.5M [Invalid uncompressed location]
2023-10-01 13:31:38 EDT: KE8TJE-11>HYMTR,WIDE1-1,WIDE2-2,qAR,K4FDS-5:=3902.73N/08030.41WONEBP WV:1,10,0.79,alt=9805.9M
2023-10-01 13:31:45 EDT: KE8TJE-11>HYMTR,WIDE1*,N3FB-2*,NJ3T-3*,N3DXC-2*,WIDE2*,qAR,KB3EKD-1:=3901.93N/0029.987,ONEBP WV:1,09,0.89,alt=8029.7M [Invalid uncompressed location]
2023-10-01 13:31:55 EDT: KE8TJE-11>HYMTR,WB8ERJ-1*,WOOSTR*,K8YSE-1*,WIDE2*,qAR,NV8P-1:=3902.60N/08030.13WONEBP WV:1,10,0.79,alt=9341.7M [Duplicate position packet]
2023-10-01 13:32:13 EDT: KE8TJE-11>HYMTR,N3HBE-3,WIDE1*,WIDE2-2,qAR,N3TJJ-13:=3902.73N/08030.41WONEBP WV:1,10,0.79,alt=9805.9M
2023-10-01 13:32:14 EDT: KE8TJE-11>HYMTR,WIDE1-1,WIDE2-2,qAR,N8TJD-10:=3902.76N/0800.501,ONEBP WV:1,10,0.79,alt=10040.0M [Invalid uncompressed location]
2023-10-01 13:32:49 EDT: KE8TJE-11>HYMTR,WIDE1-1,WIDE2-2,qAR,K4FDS-5:=3902.80N/08030.56WONEBP WV:1,09,0.89,alt=10276.5M
2023-10-01 13:32:51 EDT: KE8TJE-11>HYMTR,W4RAT-5*,WIDE1*,WIDE2-2,qAR,AE4OK-1:=3902.76N/0800.501,ONEBP WV:1,10,0.79,alt=10040.0M [Invalid uncompressed location]
2023-10-01 13:33:24 EDT: KE8TJE-11>HYMTR,WIDE1-1,WIDE2-2,qAR,K8GPS-4:=3902.84N/08030.57WONEBP WV:1,10,0.79,alt=10514.6M
2023-10-01 13:33:59 EDT: KE8TJE-11>HYMTR,WIDE1-1,WIDE2-2,qAR,K4FDS-5:=3902.90N/08030.56WONEBP WV:1,10,0.83,alt=10721.6M
2023-10-01 13:34:34 EDT: KE8TJE-11>HYMTR,WIDE1-1,WIDE2-2,qAR,K4FDS-5:=390.945,/8030.537,ONEBP WV:1,10,0.79,alt=10950.9M [Invalid uncompressed location]
2023-10-01 13:35:37 EDT: KE8TJE-11>HYMTR,NJ3T-4*,K3SMT-4*,NJ3T-3*,N3DXC-2*,WIDE2*,qAR,KB3EKD-1:=3902.67N/0030.268,ONEBP WV:1,10,0.79,alt=9572.5M [Invalid uncompressed location]
2023-10-01 13:35:43 EDT: KE8TJE-11>HYMTR,WIDE1-1,WIDE2-2,qAR,N8TJD-10:=390.073,/8030.604,ONEBP WV:1,10,0.79,alt=11377.9M [Invalid uncompressed location]
2023-10-01 13:36:14 EDT: KE8TJE-11>HYMTR,N8GD-2*,WIDE1*,NJ3T-4*,N3DXC-2*,WIDE2*,qAR,KB3EKD-1:=3902.73N/08030.41WONEBP WV:1,10,0.79,alt=9805.9M [Duplicate position packet]
2023-10-01 13:36:18 EDT: KE8TJE-11>HYMTR,WIDE1-1,WIDE2-2,qAR,K8GPS-4:=3903.14N/08030.65WONEBP WV:1,08,0.91,alt=11564.1M [Location changes too fast (adaptive limit)]
2023-10-01 13:36:22 EDT: KE8TJE-11>HYMTR,W4RAT-5*,WIDE1*,WIDE2-2,qAR,AE4OK-1:=390.073,/8030.604,ONEBP WV:1,10,0.79,alt=11377.9M [Invalid uncompressed location]
2023-10-01 13:36:35 EDT: KE8TJE-11>HYMTR,WB8ERJ-1*,WOOSTR*,K8YSE-1*,WIDE2*,qAR,NV8P-1:=3902.90N/08030.56WONEBP WV:1,10,0.83,alt=10721.6M
2023-10-01 13:36:54 EDT: KE8TJE-11>HYMTR,WIDE1-1,WIDE2-2,qAR,K8GPS-4:=3903.26N/08030.76WONEBP WV:1,07,1.05,alt=11799.3M
2023-10-01 13:37:25 EDT: KE8TJE-11>HYMTR,NJ3T-4*,N3DXC-2*,WIDE2-1,qAR,KB3EKD-1:=3902.80N/08030.56WONEBP WV:1,09,0.89,alt=10276.5M [Duplicate position packet]
2023-10-01 13:37:30 EDT: KE8TJE-11>HYMTR,WIDE1-1,WIDE2-2,qAR,K4FDS-5:=303.364,/8030.874,ONEBP WV:1,09,0.87,alt=12011.4M [Invalid uncompressed location]
2023-10-01 13:38:06 EDT: KE8TJE-11>HYMTR,WIDE1-1,WIDE2-2,qAR,K4FDS-5:=3903.37N/08030.91WONEBP WV:,,alt=
2023-10-01 13:38:15 EDT: KE8TJE-11>HYMTR,W8VFD-1*,WIDE1*,W8QT-1*,K8YSE-1*,WIDE2*,qAR,NV8P-1:=3903.14N/08030.65WONEBP WV:1,08,0.91,alt=11564.1M
2023-10-01 13:38:39 EDT: KE8TJE-11>HYMTR,WIDE1-1,WIDE2-2,qAR,K8GPS-10:=3903.39N/08030.92WONEBP WV:,,alt=
2023-10-01 13:38:46 EDT: KE8TJE-11>HYMTR,NEWBRY*,WIDE1*,W8QT-1*,K8YSE-1*,WIDE2*,qAR,NV8P-1:=303.364,/8030.874,ONEBP WV:1,09,0.87,alt=12011.4M [Invalid uncompressed location]
2023-10-01 13:38:57 EDT: KE8TJE-11>HYMTR,N3HBE-3,WIDE1*,WIDE2-2,qAR,N3TJJ-13:=3903.37N/08030.91WONEBP WV:,,alt= [Duplicate position packet]
2023-10-01 13:39:11 EDT: KE8TJE-11>HYMTR,W4UNC-3,WIDE1,W4SNA-3,W4LLZ-3,WIDE2*,qAR,WX4F-10:=3903.39N/08030.92WONEBP WV:,,alt=
2023-10-01 13:39:48 EDT: KE8TJE-11>HYMTR,WIDE1-1,WIDE2-2,qAR,K4FDS-5:=3903.60N/08030.58WONEBP WV:1,07,1.61,alt=12074.0M
2023-10-01 13:40:22 EDT: KE8TJE-11>HYMTR,WIDE1-1,WIDE2-2,qAR,K8GPS-4:=3903.55N/08030.56WONEBP WV:,,alt=
2023-10-01 13:40:26 EDT: KE8TJE-11>HYMTR,W3VO-1*,WIDE1*,K3NQT-3*,NJ3T-3*,N3DXC-2*,WIDE2*,qAR,KB3EKD-1:=390.073,/8030.604,ONEBP WV:1,10,0.79,alt=11377.9M [Invalid uncompressed location]
2023-10-01 13:40:53 EDT: KE8TJE-11>HYMTR,WIDE1-1,WIDE2-2,qAR,N8TJD-10:=3903.55N/08030.56WONEBP WV:,,alt=
2023-10-01 13:41:24 EDT: KE8TJE-11>HYMTR,WIDE1-1,KB8UVN-7*,WIDE2-1,qAR,K8GPS-10:=3903.55N/08030.56WONEBP WV:,,alt=
2023-10-01 13:41:56 EDT: KE8TJE-11>HYMTR,KC3FIT-1,WIDE1,W3NEP-1,W3TWA-1,WIDE2*,qAR,W3AD-1:=3903.55N/08030.56WONEBP WV:,,alt=
2023-10-01 13:42:06 EDT: KE8TJE-11>HYMTR,WIDE1-1,WIDE2-2,qAR,KB3EKD-1:=303.364,/8030.874,ONEBP WV:1,09,0.87,alt=12011.4M [Invalid uncompressed location]
2023-10-01 13:42:27 EDT: KE8TJE-11>HYMTR,W8VFD-1,WIDE1,W8QT-1,VA3XLT-2,WIDE2*,qAR,VA3APW-3:=3903.55N/08030.56WONEBP WV:,,alt=
2023-10-01 13:42:59 EDT: KE8TJE-11>HYMTR,N3KTX-4*,WIDE1*,N3KTX-2*,KN4IJF-2*,WIDE2*,qAR,WC4J:=3903.55N/08030.56WONEBP WV:,,alt=
2023-10-01 13:43:14 EDT: KE8TJE-11>HYMTR,WIDE1-1,WIDE2-2,qAR,KB3EKD-1:=3903.39N/08030.92WONEBP WV:,,alt= [Duplicate position packet]
2023-10-01 13:43:30 EDT: KE8TJE-11>HYMTR,N8NQH-1,WIDE1,W8BLV,KI6SZ-2,WIDE2*,qAR,KF8MZ-1:=3903.55N/08030.56WONEBP WV:,,alt=
2023-10-01 13:44:01 EDT: KE8TJE-11>HYMTR,K8GPS-10*,WIDE1*,K8GPS-4*,WIDE2-1,qAR,W4JER-1:=3903.55N/08030.56WONEBP WV:,,alt=
2023-10-01 13:44:23 EDT: KE8TJE-11>HYMTR,WIDE1-1,WIDE2-2,qAR,KB3EKD-1:=3903.60N/08030.58WONEBP WV:1,07,1.61,alt=12074.0M [Duplicate position packet]
2023-10-01 13:44:32 EDT: KE8TJE-11>HYMTR,W8VFD-1,WIDE1,W8QT-1,VE3KSR*,WIDE2,qAS,VE3TEJ:=3903.55N/08030.56WONEBP WV:,,alt=
2023-10-01 13:45:04 EDT: KE8TJE-11>HYMTR,KD4IZ-10*,N3KTX-2*,N4YSA-6*,WIDE2*,qAR,W4KEL-12:=3903.55N/08030.56WONEBP WV:,,alt=
2023-10-01 13:45:35 EDT: KE8TJE-11>HYMTR,W8VFD-1,WIDE1,K2ILH-2*,WIDE2,qAR,VE3OSH:=3903.55N/08030.56WONEBP WV:,,alt=
2023-10-01 13:46:06 EDT: KE8TJE-11>HYMTR,W8VFD-1*,WIDE1*,W8QT-1*,WIDE2-1,qAR,VE3DVC-10:=3903.55N/08030.56WONEBP WV:,,alt=
2023-10-01 13:46:37 EDT: KE8TJE-11>HYMTR,KD4IZ-10*,N3KTX-2*,W4VA-10*,qAR,W4KEL-12:=3903.55N/08030.56WONEBP WV:,,alt=
2023-10-01 13:47:08 EDT: KE8TJE-11>HYMTR,N3KTX-4*,WIDE1*,HRBGPA*,N3KTX-2*,KN4IJF-2*,WIDE2*,qAR,WC4J:=3903.55N/08030.56WONEBP WV:,,alt=
2023-10-01 13:47:39 EDT: KE8TJE-11>HYMTR,NJ3T-4*,N3KTX-4*,W4VA-10*,qAR,W4KEL-12:=3903.55N/08030.56WONEBP WV:,,alt=
2023-10-01 13:48:10 EDT: KE8TJE-11>HYMTR,N3SNN-1,N3HBE-3*,WIDE2-1,qAR,N3TJJ-13:=3903.55N/08030.56WONEBP WV:,,alt=
2023-10-01 13:48:41 EDT: KE8TJE-11>HYMTR,N8CUB-4*,WIDE1*,KD8LBS-1*,W8BLV*,WIDE2*,qAR,W8VFR-11:=3903.55N/08030.56WONEBP WV:,,alt=
2023-10-01 13:49:12 EDT: KE8TJE-11>HYMTR,K8GPS-10,WIDE1,WOOSTR,K8YSE-1,WIDE2*,qAR,N8HKU-5:=3903.55N/08030.56WONEBP WV:,,alt=
2023-10-01 13:49:44 EDT: KE8TJE-11>HYMTR,K4MRA-4,WIDE1,WV8MT-4,N3KTX-4,WIDE2*,qAR,KD3SU:=3903.55N/08030.56WONEBP WV:,,alt=
2023-10-01 13:50:15 EDT: KE8TJE-11>HYMTR,ANDMTN,KK1LL-15*,WIDE2-1,qAR,WINNSB:=3903.55N/08030.56WONEBP WV:,,alt=
2023-10-01 13:50:49 EDT: KE8TJE-11>HYMTR,WIDE1-1,WIDE2-2,qAR,KB3EKD-1:=3903.55N/08030.56WONEBP WV:,,alt=
2023-10-01 13:51:21 EDT: KE8TJE-11>HYMTR,WIDE1-1,WIDE2-2,qAR,KB3EKD-1:=3903.55N/08030.56WONEBP WV:,,alt=
2023-10-01 13:52:15 EDT: KE8TJE-11>HYMTR,WIDE1-1,WIDE2-2,qAR,K4FDS-5:=3903.55N/08030.56WONEBP WV:,,alt=
2023-10-01 13:52:46 EDT: KE8TJE-11>HYMTR,WIDE1-1,WIDE2-2,qAR,KB3EKD-1:=3903.55N/08030.56WONEBP WV:,,alt=
2023-10-01 13:53:30 EDT: KE8TJE-11>HYMTR,ANDMTN,KK1LL-15*,WIDE2-1,qAR,YORKSC:=3903.55N/08030.56WONEBP WV:,,alt=
2023-10-01 13:54:01 EDT: KE8TJE-11>HYMTR,ANDMTN,KK1LL-15,NC4HC-15,WIDE2*,qAR,K4MDI-3:=3903.55N/08030.56WONEBP WV:,,alt=
2023-10-01 13:54:38 EDT: KE8TJE-11>HYMTR,WIDE1-1,WIDE2-2,qAR,K8GPS-4:=3903.55N/08030.56WONEBP WV:,,alt=
2023-10-01 13:55:12 EDT: KE8TJE-11>HYMTR,ANDMTN,W4TAB-6,KK1LL-15*,WIDE2,qAO,WA9VFD-5:=3903.55N/08030.56WONEBP WV:,,alt=
2023-10-01 13:55:45 EDT: KE8TJE-11>HYMTR,WIDE1-1,WIDE2-2,qAR,N8TJD-10:=3903.55N/08030.56WONEBP WV:,,alt=
2023-10-01 13:56:17 EDT: KE8TJE-11>HYMTR,ANDMTN,NC4HC-15*,WIDE2-1,qAR,KR4NO-1:=3903.55N/08030.56WONEBP WV:,,alt=
2023-10-01 13:56:52 EDT: KE8TJE-11>HYMTR,WIDE1-1,WIDE2-2,qAR,N3IVK-15:=3903.55N/08030.56WONEBP WV:,,alt=
2023-10-01 13:57:26 EDT: KE8TJE-11>HYMTR,WIDE1-1,WIDE2-2,qAR,KG4FJC-10:=3903.55N/08030.56WONEBP WV:,,alt=
2023-10-01 13:58:00 EDT: KE8TJE-11>HYMTR,WIDE1-1,WIDE2-2,qAR,KG4FJC-10:=3903.55N/08030.56WONEBP WV:,,alt=
2023-10-01 13:58:34 EDT: KE8TJE-11>HYMTR,WIDE1-1,WIDE2-2,qAR,KB3EKD-1:=3903.55N/08030.56WONEBP WV:,,alt=
2023-10-01 13:59:05 EDT: KE8TJE-11>HYMTR,W8VFD-1*,WIDE1*,W8QT-1*,K8YSE-1*,WIDE2*,qAR,NV8P-1:=3903.55N/08030.56WONEBP WV:,,alt=
2023-10-01 13:59:08 EDT: KE8TJE-11>HYMTR,WIDE1-1,WIDE2-2,qAR,N8TJD-10:=3902.75N/08021.44,ONEBP WV:,,alt= [Invalid uncompressed location]
2023-10-01 13:59:41 EDT: KE8TJE-11>HYMTR,WIDE1-1,WIDE2-2,qAR,N3IVK-15:=3902.75N/08021.44,ONEBP WV:,,alt= [Invalid uncompressed location]
2023-10-01 13:59:50 EDT: KE8TJE-11>HYMTR,WIDE1-1,WIDE2-2,qAR,KB3EKD-1:=3903.55N/08030.56WONEBP WV:,,alt=
2023-10-01 14:00:15 EDT: KE8TJE-11>HYMTR,WIDE1-1,WIDE2-2,qAR,K4FDS-5:=3902.71N/08021.32WONEBP WV:,,alt= [Location changes too fast (adaptive limit)]
2023-10-01 14:00:23 EDT: KE8TJE-11>HYMTR,WIDE1-1,WIDE2-2,qAR,KB3EKD-1:=3903.55N/08030.56WONEBP WV:,,alt=
2023-10-01 14:00:23 EDT: KE8TJE-11>HYMTR,CASCTY*,WIDE1*,MIO*,W8COL*,WIDE2,qAR,KJ4KFJ:=3902.75N/08021.44,ONEBP WV:,,alt= [Invalid uncompressed location]
2023-10-01 14:00:50 EDT: KE8TJE-11>HYMTR,WIDE1-1,WIDE2-2,qAR,KB1EJH-1:=3902.71N/08021.32WONEBP WV:,,alt= [Location changes too fast (adaptive limit)]
2023-10-01 14:01:23 EDT: KE8TJE-11>HYMTR,WIDE1-1,WIDE2-2,qAR,N3IVK-15:=3902.71N/08021.32WONEBP WV:,,alt=
2023-10-01 14:01:56 EDT: KE8TJE-11>HYMTR,NEWBRY*,WIDE1*,W8QT-1*,K8YSE-1*,WIDE2*,qAR,NV8P-1:=3902.71N/08021.32WONEBP WV:,,alt=
2023-10-01 14:01:57 EDT: KE8TJE-11>HYMTR,WIDE1-1,WIDE2-2,qAR,K8GPS-4:=3902.80N/08020.62WONEBP WV:,,alt= [Rate limited (< 5 sec)]
2023-10-01 14:02:10 EDT: KE8TJE-11>HYMTR,WIDE1-1,WIDE2-2,qAR,KB3EKD-1:=3903.55N/08030.56WONEBP WV:,,alt= [Location changes too fast (adaptive limit)]
2023-10-01 14:02:30 EDT: KE8TJE-11>HYMTR,WIDE1-1,WIDE2-2,qAR,KB1EJH-1:=3902.80N/08020.62WONEBP WV:,,alt= [Location changes too fast (adaptive limit)]
2023-10-01 14:02:48 EDT: KE8TJE-11>HYMTR,W8VFD-1*,WIDE1*,W8QT-1*,K8YSE-1*,WIDE2*,qAR,NV8P-1:=3902.71N/08021.32WONEBP WV:,,alt=
2023-10-01 14:02:56 EDT: KE8TJE-11>HYMTR,WIDE1-1,WIDE2-2,qAR,KB3EKD-1:=3903.55N/08030.56WONEBP WV:,,alt= [Location changes too fast (adaptive limit)]
2023-10-01 14:03:04 EDT: KE8TJE-11>HYMTR,WIDE1-1,WIDE2-2,qAR,KB1EJH-1:=3902.80N/08020.62WONEBP WV:,,alt= [Location changes too fast (adaptive limit)]
2023-10-01 14:03:16 EDT: KE8TJE-11>HYMTR,NEWBRY,WIDE1,W8QT-1,JAMTWP,WIDE2*,qAR,HOLLY:=303.364,/8030.874,ONEBP WV:1,09,0.87,alt=12011.4M [Invalid uncompressed location]
2023-10-01 14:03:17 EDT: KE8TJE-11>HYMTR,W8VFD-1,WIDE1,W8QT-1,JAMTWP,WIDE2*,qAR,W8MW-10:=3903.37N/08030.91WONEBP WV:,,alt= [Location changes too fast (adaptive limit)]
2023-10-01 14:03:18 EDT: KE8TJE-11>HYMTR,W8VFD-1,WIDE1,W8QT-1,JAMTWP,WIDE2*,qAR,W8MW-10:=3903.39N/08030.92WONEBP WV:,,alt= [Duplicate position packet]
2023-10-01 14:03:21 EDT: KE8TJE-11>HYMTR,ANDMTN,KK1LL-15,NC4HC-15,WIDE2*,qAR,KR4NO-1:=3902.71N/08021.32WONEBP WV:,,alt=
2023-10-01 14:03:34 EDT: KE8TJE-11>HYMTR,WIDE1-1,WIDE2-2,qAR,KB3EKD-1:=3903.55N/08030.56WONEBP WV:,,alt= [Location changes too fast (adaptive limit)]
2023-10-01 14:03:39 EDT: KE8TJE-11>HYMTR,WIDE1-1,WIDE2-2,qAR,N3TJJ-8:=3902.80N/08020.62WONEBP WV:,,alt= [Location changes too fast (adaptive limit)]
2023-10-01 14:04:04 EDT: KE8TJE-11>HYMTR,WIDE1-1,WIDE2-2,qAR,KB3EKD-1:=3902.75N/08021.44,ONEBP WV:,,alt= [Invalid uncompressed location]
2023-10-01 14:04:14 EDT: KE8TJE-11>HYMTR,WIDE1-1,WIDE2-2,qAR,N8TJD-10:=3902.80N/08020.62WONEBP WV:,,alt=
2023-10-01 14:04:36 EDT: KE8TJE-11>HYMTR,WIDE1-1,WIDE2-2,qAR,KB3EKD-1:=3902.75N/08021.44,ONEBP WV:,,alt= [Invalid uncompressed location]
2023-10-01 14:04:49 EDT: KE8TJE-11>HYMTR,WIDE1-1,WIDE2-2,qAR,N8TJD-10:=3902.80N/08020.62WONEBP WV:,,alt=
2023-10-01 14:05:11 EDT: KE8TJE-11>HYMTR,WIDE1-1,WIDE2-2,qAR,KB3EKD-1:=3902.71N/08021.32WONEBP WV:,,alt= [Duplicate position packet]
2023-10-01 14:05:20 EDT: KE8TJE-11>HYMTR,CASCTY*,WIDE1*,CHBYGN*,W8COL*,WIDE2,qAR,KJ4KFJ:=3902.80N/08020.62WONEBP WV:,,alt=
2023-10-01 14:05:59 EDT: KE8TJE-11>HYMTR,WIDE1-1,WIDE2-2,qAR,N8TJD-10:=3902.80N/08020.62WONEBP WV:,,alt=
2023-10-01 14:06:33 EDT: KE8TJE-11>HYMTR,WIDE1-1,WIDE2-2,qAR,WA3YMM-1:=3902.80N/08020.62WONEBP WV:,,alt=
2023-10-01 14:07:08 EDT: KE8TJE-11>HYMTR,WIDE1-1,WIDE2-2,qAR,N8TJD-10:=3902.80N/08020.62WONEBP WV:,,alt=
2023-10-01 14:07:43 EDT: KE8TJE-11>HYMTR,WIDE1-1,WIDE2-2,qAR,KR4AA-2:=3902.80N/08020.62WONEBP WV:,,alt=
2023-10-01 14:08:14 EDT: KE8TJE-11>HYMTR,WINNSB,NC4HC-15*,WIDE2-1,qAR,KR4NO-1:=3902.80N/08020.62WONEBP WV:,,alt=
2023-10-01 14:08:50 EDT: KE8TJE-11>HYMTR,WIDE1-1,WIDE2-2,qAR,WA3YMM-1:=3903.16N/08019.13WONEBP WV:1,06,1.90,alt=11987.4M
2023-10-01 14:08:56 EDT: KE8TJE-11>HYMTR,WIDE1-1,WIDE2-2,qAR,KB3EKD-1:=3902.80N/08020.62WONEBP WV:,,alt= [Location changes too fast (adaptive limit)]
2023-10-01 14:09:25 EDT: KE8TJE-11>HYMTR,WIDE1-1,WIDE2-2,qAR,KB1EJH-1:=3903.17N/08019.07WONEBP WV:,,alt=
2023-10-01 14:09:31 EDT: KE8TJE-11>HYMTR,WIDE1-1,WIDE2-2,qAR,KB3EKD-1:=3902.80N/08020.62WONEBP WV:,,alt= [Location changes too fast (adaptive limit)]
2023-10-01 14:10:00 EDT: KE8TJE-11>HYMTR,WIDE1-1,WIDE2-2,qAR,KB1EJH-1:=3903.13N/0018.936,ONEBP WV:,,alt= [Invalid uncompressed location]
2023-10-01 14:10:06 EDT: KE8TJE-11>HYMTR,WIDE1-1,WIDE2-2,qAR,KB3EKD-1:=3902.80N/08020.62WONEBP WV:,,alt= [Duplicate position packet]
2023-10-01 14:10:35 EDT: KE8TJE-11>HYMTR,WIDE1-1,WIDE2-2,qAR,KC3PIB-10:=3903.09N/08018.84WONEBP WV:1,04,1.91,alt=11987.3M
2023-10-01 14:10:42 EDT: KE8TJE-11>HYMTR,WIDE1-1,WIDE2-2,qAR,KB3EKD-1:=3902.80N/08020.62WONEBP WV:,,alt= [Location changes too fast (adaptive limit)]
2023-10-01 14:10:44 EDT: KE8TJE-11>HYMTR,AKRON*,K8YSE-1*,WIDE2-1,qAR,NV8P-1:=3903.16N/08019.13WONEBP WV:1,06,1.90,alt=11987.4M [Location changes too fast (adaptive limit)]
2023-10-01 14:10:53 EDT: KE8TJE-11>HYMTR,W8QT-1,N3SNN-1,N3HBE-3,WIDE2*,qAR,N3TJJ-13:=3903.13N/0018.936,ONEBP WV:,,alt= [Invalid uncompressed location]
2023-10-01 14:11:11 EDT: KE8TJE-11>HYMTR,WIDE1-1,WIDE2-2,qAR,K4FDS-5:=3903.05N/08018.86WONEBP WV:,,alt=
2023-10-01 14:11:19 EDT: KE8TJE-11>HYMTR,WIDE1-1,WIDE2-2,qAR,KB3EKD-1:=3902.80N/08020.62WONEBP WV:,,alt= [Location changes too fast (adaptive limit)]
2023-10-01 14:11:46 EDT: KE8TJE-11>HYMTR,WIDE1-1,WIDE2-2,qAR,KB1EJH-1:=3903.12N/08018.88WONEBP WV:1,04,1.92,alt=11994.6M
2023-10-01 14:12:02 EDT: KE8TJE-11>HYMTR,ANDMTN,KK1LL-15,NC4HC-15,WIDE2*,qAR,KR4NO-1:=3903.05N/08018.86WONEBP WV:,,alt= [Duplicate position packet]
2023-10-01 14:12:17 EDT: KE8TJE-11>HYMTR,CASCTY*,W8WLC-15*,CHBYGN*,WIDE2*,qAR,KJ4KFJ:=3903.12N/08018.88WONEBP WV:1,04,1.92,alt=11994.6M
2023-10-01 14:12:22 EDT: KE8TJE-11>HYMTR,WIDE1-1,WIDE2-2,qAR,N8TJD-10:=3903.14N/08018.84WONEBP WV:,,alt=
2023-10-01 14:12:27 EDT: KE8TJE-11>HYMTR,WIDE1-1,WIDE2-2,qAR,KB3EKD-1:=3902.80N/08020.62WONEBP WV:,,alt= [Location changes too fast (adaptive limit)]
2023-10-01 14:12:29 EDT: KE8TJE-11>HYMTR,W8QT-1*,NEWBRY*,K8YSE-1*,WIDE2*,qAR,NV8P-1:=3903.13N/0018.936,ONEBP WV:,,alt= [Invalid uncompressed location]
2023-10-01 14:12:57 EDT: KE8TJE-11>HYMTR,WIDE1-1,WIDE2-2,qAR,K8GPS-4:=3903.14N/08018.84WONEBP WV:,,alt=
2023-10-01 14:13:04 EDT: KE8TJE-11>HYMTR,W8VFD-1*,WIDE1*,W8QT-1*,K8YSE-1*,WIDE2*,qAR,NV8P-1:=3903.09N/08018.84WONEBP WV:1,04,1.91,alt=11987.3M [Duplicate position packet]
2023-10-01 14:13:07 EDT: KE8TJE-11>HYMTR,N3TJJ-7,WIDE1,N9RIM,AD3O-3,WIDE2*,qAR,WN8Z-4:=3903.12N/08018.88WONEBP WV:1,04,1.92,alt=11994.6M [Duplicate position packet]
2023-10-01 14:13:32 EDT: KE8TJE-11>HYMTR,WIDE1-1,WIDE2-2,qAR,K8GPS-4:=3903.47N/08018.45WONEBP WV:,,alt=
2023-10-01 14:14:07 EDT: KE8TJE-11>HYMTR,WIDE1-1,WIDE2-2,qAR,KG4FJC-10:=3903.47N/08018.37WONEBP WV:,,alt=
2023-10-01 14:14:09 EDT: KE8TJE-11>HYMTR,CASCTY*,WIDE1*,CHBYGN*,ESTTVC*,WIDE2*,qAR,KJ4KFJ:=3903.47N/08018.45WONEBP WV:,,alt= [Rate limited (< 5 sec)]
2023-10-01 14:14:10 EDT: KE8TJE-11>HYMTR,WIDE1-1,WIDE2-2,qAR,KB3EKD-1:=3903.17N/08019.07WONEBP WV:,,alt= [Rate limited (< 5 sec)]
2023-10-01 14:14:11 EDT: KE8TJE-11>HYMTR,WB8ERJ-1*,WOOSTR*,K8YSE-1*,WIDE2*,qAR,NV8P-1:=3903.05N/08018.86WONEBP WV:,,alt= [Rate limited (< 5 sec)]
2023-10-01 14:14:42 EDT: KE8TJE-11>HYMTR,WIDE1-1,WIDE2-2,qAR,N3IVK-15:=3903.51N/08018.35WONEBP WV:,,alt=
2023-10-01 14:14:46 EDT: KE8TJE-11>HYMTR,WINNSB,CHMBRS,NC4HC-15*,qAR,KR4NO-1:=3903.47N/08018.45WONEBP WV:,,alt= [Rate limited (< 5 sec)]
2023-10-01 14:15:03 EDT: KE8TJE-11>HYMTR,ANDMTN,NC4HC-15*,WIDE2-1,qAR,YORKSC:=3903.47N/08018.37WONEBP WV:,,alt= [Duplicate position packet]
2023-10-01 14:15:17 EDT: KE8TJE-11>HYMTR,WIDE1-1,WIDE2-2,qAR,KB1EJH-1:=3903.41N/08018.00WONEBP WV:,,alt=
2023-10-01 14:15:28 EDT: KE8TJE-11>HYMTR,N3TJJ-7,WIDE1,N9RIM,W2ZJ-1,WIDE2*,qAR,N9RIM:=3903.51N/08018.35WONEBP WV:,,alt= [Duplicate position packet]
2023-10-01 14:15:48 EDT: KE8TJE-11>HYMTR,ANDMTN,NC4HC-15*,WIDE2-1,qAR,KR4NO-1:=3903.41N/08018.00WONEBP WV:,,alt=
2023-10-01 14:15:50 EDT: KE8TJE-11>HYMTR,N3HBE-3*,WIDE1*,WO3T-1*,N3DXC-2*,WIDE2*,qAR,KB3EKD-1:=3903.09N/08018.84WONEBP WV:1,04,1.91,alt=11987.3M [Rate limited (< 5 sec)]
2023-10-01 14:15:52 EDT: KE8TJE-11>HYMTR,WIDE1-1,WIDE2-2,qAR,N8TJD-10:=3903.46N/08018.30WONEBP WV:,,alt= [Rate limited (< 5 sec)]
2023-10-01 14:16:02 EDT: KE8TJE-11>HYMTR,N3FYD-1*,N3DXC-2*,WIDE2-1,qAR,KB3EKD-1:=3903.05N/08018.86WONEBP WV:,,alt= [Duplicate position packet]
2023-10-01 14:16:27 EDT: KE8TJE-11>HYMTR,WIDE1-1,WIDE2-2,qAR,K3ORB-10:=3903.46N/08018.30WONEBP WV:,,alt=
2023-10-01 14:16:35 EDT: KE8TJE-11>HYMTR,WIDE1-1,WIDE2-2,qAR,KB3EKD-1:=3903.12N/08018.88WONEBP WV:1,04,1.92,alt=11994.6M [Duplicate position packet]
2023-10-01 14:16:42 EDT: KE8TJE-11>HYMTR,N4TLM-3*,WIDE1*,KA4EMA-3*,K4UAN-3*,WIDE2*,qAR,KQ4BUD-10:=3903.41N/08018.00WONEBP WV:,,alt= [Location changes too fast (adaptive limit)]
2023-10-01 14:17:02 EDT: KE8TJE-11>HYMTR,WIDE1-1,WIDE2-2,qAR,KG4FJC-10:=3903.46N/08018.30WONEBP WV:,,alt=
2023-10-01 14:17:17 EDT: KE8TJE-11>HYMTR,WIDE1-1,WIDE2-2,qAR,KB3EKD-1:=3903.14N/08018.84WONEBP WV:,,alt= [Duplicate position packet]
2023-10-01 14:17:37 EDT: KE8TJE-11>HYMTR,WIDE1-1,WIDE2-2,qAR,WA3YMM-1:=3859.98N/08011.12WONEBP WV:,,alt= [Location changes too fast (adaptive limit)]
2023-10-01 14:17:53 EDT: KE8TJE-11>HYMTR,ANDMTN,KK1LL-15*,WIDE2-1,qAR,YORKSC:=3903.47N/08018.37WONEBP WV:,,alt= [Location changes too fast (adaptive limit)]
2023-10-01 14:17:56 EDT: KE8TJE-11>HYMTR,W8VFD-1,WIDE1,W8QT-1,NJ3T-4,N3HBE-3,WIDE2*,qAR,N3TJJ-13:=3903.46N/08018.30WONEBP WV:,,alt=
2023-10-01 14:17:56 EDT: KE8TJE-11>HYMTR,WIDE1-1,WIDE2-2,qAR,KB3EKD-1:=3903.14N/08018.84WONEBP WV:,,alt= [Rate limited (< 5 sec)]
2023-10-01 14:18:12 EDT: KE8TJE-11>HYMTR,WIDE1-1,WIDE2-2,qAR,WA3YMM-1:=3859.96N/08011.02WONEBP WV:1,03,2.56,alt=11930.4M [Location changes too fast (adaptive limit)]
2023-10-01 14:18:13 EDT: KE8TJE-11>HYMTR,ANDMTN,KK1LL-15*,WIDE2-1,qAR,YORKSC:=3903.41N/08018.00WONEBP WV:,,alt= [Location changes too fast (adaptive limit)]
2023-10-01 14:18:16 EDT: KE8TJE-11>HYMTR,MAYVIL*,WIDE1*,W8WLC-15*,CHBYGN*,WIDE2*,qAR,KJ4KFJ:=3859.98N/08011.12WONEBP WV:,,alt= [Location changes too fast (adaptive limit)]
2023-10-01 14:18:30 EDT: KE8TJE-11>HYMTR,WIDE1-1,WIDE2-2,qAR,KB3EKD-1:=3903.47N/08018.45WONEBP WV:,,alt= [Location changes too fast (adaptive limit)]
2023-10-01 14:18:47 EDT: KE8TJE-11>HYMTR,WIDE1-1,WIDE2-2,qAR,K3ORB-10:=3859.95N/08010.78WONEBP WV:1,05,2.54,alt=11833.6M [Location changes too fast (adaptive limit)]
2023-10-01 14:18:49 EDT: KE8TJE-11>HYMTR,CASCTY*,WIDE1*,CHBYGN*,WIDE2-1,qAR,KJ4KFJ:=3859.96N/08011.02WONEBP WV:1,03,2.56,alt=11930.4M
2023-10-01 14:19:00 EDT: KE8TJE-11>HYMTR,K4UAN-3*,WIDE1*,WIDE2-2,qAR,KQ4BUD-10:=3859.98N/08011.12WONEBP WV:,,alt=
2023-10-01 14:19:06 EDT: KE8TJE-11>HYMTR,ANDMTN,KK1LL-15,NC4HC-15,WIDE2*,qAR,KR4NO-1:=3903.41N/08018.00WONEBP WV:,,alt= [Location changes too fast (adaptive limit)]
2023-10-01 14:19:11 EDT: KE8TJE-11>HYMTR,WIDE1-1,WIDE2-2,qAR,KB3EKD-1:=3903.47N/08018.37WONEBP WV:,,alt= [Duplicate position packet]
2023-10-01 14:19:23 EDT: KE8TJE-11>HYMTR,WIDE1-1,WIDE2-2,qAR,WA3YMM-1:=3859.97N/08010.60WONEBP WV:1,03,2.53,alt=11834.0M [Location changes too fast (adaptive limit)]
2023-10-01 14:19:48 EDT: KE8TJE-11>HYMTR,WIDE1-1,WIDE2-2,qAR,KB3EKD-1:=3903.51N/08018.35WONEBP WV:,,alt= [Location changes too fast (adaptive limit)]
2023-10-01 14:19:59 EDT: KE8TJE-11>HYMTR,WIDE1-1,WIDE2-2,qAR,KB1EJH-1:=3900.02N/08010.39WONEBP WV:1,04,2.52,alt=11834.6M [Location changes too fast (adaptive limit)]
2023-10-01 14:20:35 EDT: KE8TJE-11>HYMTR,WIDE1-1,WIDE2-2,qAR,K3ORB-10:=3859.97N/08010.20WONEBP WV:1,05,2.50,alt=11832.9M
2023-10-01 14:20:58 EDT: KE8TJE-11>HYMTR,W8VFD-1*,WIDE1*,W8QT-1*,K8YSE-1*,WIDE2*,qAR,NV8P-1:=3859.96N/08011.02WONEBP WV:1,03,2.56,alt=11930.4M [Duplicate position packet]
2023-10-01 14:21:09 EDT: KE8TJE-11>HYMTR,AKRON*,K8YSE-1*,WIDE2-1,qAR,NV8P-1:=3859.95N/08010.78WONEBP WV:1,05,2.54,alt=11833.6M
2023-10-01 14:21:11 EDT: KE8TJE-11>HYMTR,WIDE1-1,WIDE2-2,qAR,WA3YMM-1:=3859.95N/08010.09WONEBP WV:,,alt= [Rate limited (< 5 sec)]
2023-10-01 14:21:19 EDT: KE8TJE-11>HYMTR,WINNSB,KK1LL-15*,WIDE2-1,qAR,YORKSC:=3859.98N/08011<0x82><0xa0><0x9a><0x92>`l`<0xa6><0x90><0x9e><0x94><0x86><0xa8>`<0x9c><0x86>h<0x90><0x86>@<0xfe><0x96><0x96>b<0x98><0x98>@<0xfe><0xae><0x92><0x88><0x8a>d@a<0x03><0xf0>@011817z3420.27NG08219.35W&WJ4X iGate... Passin' on the packets... [Invalid uncompressed location]
2023-10-01 14:21:28 EDT: KE8TJE-11>HYMTR,K3JML-5,WIDE1,N9RIM,W2ZJ-1,WIDE2*,qAR,N9RIM:=3859.97N/08010.20WONEBP WV:1,05,2.50,alt=11832.9M [Duplicate position packet]
2023-10-01 14:21:35 EDT: KE8TJE-11>HYMTR,WIDE1-1,WIDE2-2,qAR,KB3EKD-1:=3903.46N/08018.30WONEBP WV:,,alt= [Location changes too fast (adaptive limit)]
2023-10-01 14:21:47 EDT: KE8TJE-11>HYMTR,WIDE1-1,WIDE2-2,qAR,K3ORB-10:=3859.88N/08009.87WONEBP WV:1,03,2.48,alt=11835.3M [Location changes too fast (adaptive limit)]
2023-10-01 14:22:02 EDT: KE8TJE-11>HYMTR,W8VFD-1*,WIDE1*,W8QT-1*,K8YSE-1*,WIDE2*,qAR,NV8P-1:=3859.95N/08010.09WONEBP WV:,,alt=
2023-10-01 14:22:22 EDT: KE8TJE-11>HYMTR,WIDE1-1,WIDE2-2,qAR,KB1EJH-1:=3859.81N/08009.73WONEBP WV:,,alt=
2023-10-01 14:22:41 EDT: KE8TJE-11>HYMTR,WIDE1-1,WIDE2-2,qAR,KB3EKD-1:=3859.98N/08011.12WONEBP WV:,,alt= [Duplicate position packet]
2023-10-01 14:22:57 EDT: KE8TJE-11>HYMTR,WIDE1-1,WIDE2-2,qAR,KB1EJH-1:=3859.80N/08009.58WONEBP WV:1,03,2.45,alt=11883.1M
2023-10-01 14:23:11 EDT: KE8TJE-11>HYMTR,AKRON*,K8YSE-1*,WIDE2-1,qAR,NV8P-1:=3859.81N/08009.73WONEBP WV:,,alt= [Duplicate position packet]
2023-10-01 14:23:16 EDT: KE8TJE-11>HYMTR,WIDE1-1,WIDE2-2,qAR,KB3EKD-1:=3859.96N/08011.02WONEBP WV:1,03,2.56,alt=11930.4M [Location changes too fast (adaptive limit)]
2023-10-01 14:23:33 EDT: KE8TJE-11>HYMTR,WIDE1-1,WIDE2-2,qAR,N3IVK-15:=3859.81N/08009.41WONEBP WV:1,03,2.44,alt=11892.9M
2023-10-01 14:23:51 EDT: KE8TJE-11>HYMTR,WIDE1-1,WIDE2-2,qAR,KB3EKD-1:=3859.95N/08010.78WONEBP WV:1,05,2.54,alt=11833.6M [Duplicate position packet]
2023-10-01 14:24:09 EDT: KE8TJE-11>HYMTR,WIDE1-1,WIDE2-2,qAR,K3ORB-10:=3859.83N/08009.27WONEBP WV:,,alt=
2023-10-01 14:24:44 EDT: KE8TJE-11>HYMTR,WIDE1-1,WIDE2-2,qAR,N3IVK-15:=3859.85N/08009.10WONEBP WV:1,06,2.42,alt=11891.6M
2023-10-01 14:24:59 EDT: KE8TJE-11>HYMTR,WIDE1-1,WIDE2-2,qAR,KB3EKD-1:=3900.02N/08010.39WONEBP WV:1,04,2.52,alt=11834.6M
2023-10-01 14:25:07 EDT: KE8TJE-11>HYMTR,CASCTY,WIDE1,JAMTWP*,WIDE2-1,qAR,HOLLY:=3902.80N/08020.62WONEBP WV:,,alt= [Location changes too fast (adaptive limit)]
2023-10-01 14:25:13 EDT: KE8TJE-11>HYMTR,N9RIM,WIDE1,AD3O-3*,WIDE2-1,qAR,N3TJJ-13:=3859.81N/08009.73WONEBP WV:,,alt= [Location changes too fast (adaptive limit)]
2023-10-01 14:25:15 EDT: KE8TJE-11>HYMTR,N9RIM,WIDE1,W2ZJ-1*,qAR,N9RIM:=3859.80N/08009.58WONEBP WV:1,03,2.45,alt=11883.1M [Duplicate position packet]
2023-10-01 14:25:19 EDT: KE8TJE-11>HYMTR,WIDE1-1,WIDE2-2,qAR,K3ORB-10:=3857.83N/0805.456,ONEBP WV:,,alt= [Invalid uncompressed location]
2023-10-01 14:25:54 EDT: KE8TJE-11>HYMTR,WIDE1-1,WIDE2-2,qAR,K3ORB-10:=3857.83N/0805.456,ONEBP WV:,,alt= [Invalid uncompressed location]
2023-10-01 14:26:22 EDT: KE8TJE-11>HYMTR,WIDE1-1,WIDE2-2,qAR,KB3EKD-1:=3859.95N/08010.09WONEBP WV:,,alt= [Duplicate position packet]
2023-10-01 14:26:29 EDT: KE8TJE-11>HYMTR,WIDE1-1,WIDE2-2,qAR,WA3YMM-1:=3907.76N/08012.49WONEBP WV:1,06,7.55,alt=11904.9M [Location changes too fast (adaptive limit)]
2023-10-01 14:27:05 EDT: KE8TJE-11>HYMTR,WIDE1-1,WIDE2-2,qAR,KB1EJH-1:=3908.11N/08011.80WONEBP WV:1,06,7.70,alt=11893.5M
2023-10-01 14:27:10 EDT: KE8TJE-11>HYMTR,WIDE1-1,WIDE2-2,qAR,KB3EKD-1:=3859.88N/08009.87WONEBP WV:1,03,2.48,alt=11835.3M [Location changes too fast (adaptive limit)]
2023-10-01 14:27:10 EDT: KE8TJE-11>HYMTR,WINNSB,NC4HC-15*,WIDE2-1,qAR,KR4NO-1:=3907.76N/08012.49WONEBP WV:1,06,7.55,alt=11904.9M [Location changes too fast (adaptive limit)]
2023-10-01 14:27:41 EDT: KE8TJE-11>HYMTR,WIDE1-1,WIDE2-2,qAR,K8GPS-4:=3908.26N/08011.47WONEBP WV:,,alt=
2023-10-01 14:27:44 EDT: KE8TJE-11>HYMTR,ANDMTN,W4BFB-6,NC4HC-15,WIDE2*,qAR,KR4NO-1:=3908.11N/08011.80WONEBP WV:1,06,7.70,alt=11893.5M [Rate limited (< 5 sec)]
2023-10-01 14:27:49 EDT: KE8TJE-11>HYMTR,WINNSB,CHMBRS,NC4HC-15*,qAR,ANDMTN:=3907.76N/08012.49WONEBP WV:1,06,7.55,alt=11904.9M [Location changes too fast (adaptive limit)]
2023-10-01 14:27:51 EDT: KE8TJE-11>HYMTR,KC3ARY*,KB3FCZ-2*,N3DXC-2*,WIDE2*,qAR,KB3EKD-1:=3859.81N/08009.73WONEBP WV:,,alt= [Location changes too fast (adaptive limit)]
2023-10-01 14:28:07 EDT: KE8TJE-11>HYMTR,N8QYG-1,N8LPD,JAMTWP,WIDE2*,qAR,W8MW-10:=3857.83N/0805.456,ONEBP WV:,,alt= [Invalid uncompressed location]
2023-10-01 14:28:14 EDT: KE8TJE-11>HYMTR,ANDMTN,NC4HC-15*,WIDE2-1,qAR,KR4NO-1:=3908.26N/08011.47WONEBP WV:,,alt=
2023-10-01 14:28:15 EDT: KE8TJE-11>HYMTR,CASCTY,WIDE1,JAMTWP*,WIDE2-1,qAR,HOLLY:=3908.11N/08011.80WONEBP WV:1,06,7.70,alt=11893.5M [Rate limited (< 5 sec)]
2023-10-01 14:28:16 EDT: KE8TJE-11>HYMTR,WIDE1-1,WIDE2-2,qAR,K8GPS-4:=3904.06N/0015.896,ONEBP WV:1,05,2.52,alt=11940.6M [Invalid uncompressed location]
2023-10-01 14:28:20 EDT: KE8TJE-11>HYMTR,JAMTWP,WIDE1,CASCTY,CHBYGN,WIDE2*,qAR,N8DMH:=3907.76N/08012.49WONEBP WV:1,06,7.55,alt=11904.9M
2023-10-01 14:28:52 EDT: KE8TJE-11>HYMTR,WIDE1-1,WIDE2-2,qAR,K8GPS-10:=3904.13N/08015.72WONEBP WV:,,alt=
2023-10-01 14:29:27 EDT: KE8TJE-11>HYMTR,WIDE1-1,WIDE2-2,qAR,WA3YMM-1:=3857.04N/08023.84WONEBP WV:1,06,2.26,alt=11948.3M [Location changes too fast (adaptive limit)]
2023-10-01 14:29:33 EDT: KE8TJE-11>HYMTR,ANDMTN,NC4HC-15*,WIDE2-1,qAR,KR4NO-1:=3904.13N/08015.72WONEBP WV:,,alt=
2023-10-01 14:30:02 EDT: KE8TJE-11>HYMTR,WIDE1-1,WIDE2-2,qAR,N3IVK-15:=3857.07N/08023.56WONEBP WV:1,06,2.26,alt=11943.6M [Location changes too fast (adaptive limit)]
2023-10-01 14:30:10 EDT: KE8TJE-11>HYMTR,WB8ERJ-1*,WOOSTR*,K8YSE-1*,WIDE2*,qAR,NV8P-1:=3908.26N/08011.47WONEBP WV:,,alt= [Location changes too fast (adaptive limit)]
2023-10-01 14:30:24 EDT: KE8TJE-11>HYMTR,WIDE1-1,WIDE2-2,qAR,KB3EKD-1:=3859.85N/08009.10WONEBP WV:1,06,2.42,alt=11891.6M [Location changes too fast (adaptive limit)]
2023-10-01 14:30:38 EDT: KE8TJE-11>HYMTR,WIDE1-1,WIDE2-2,qAR,K8GPS-10:=3857.08N/08023.24WONEBP WV:1,07,2.26,alt=11947.9M [Location changes too fast (adaptive limit)]
2023-10-01 14:30:55 EDT: KE8TJE-11>HYMTR,WIDE1-1,WIDE2-2,qAR,KB3EKD-1:=3857.83N/0805.456,ONEBP WV:,,alt= [Invalid uncompressed location]
2023-10-01 14:31:09 EDT: KE8TJE-11>HYMTR,N3HBE-3,WIDE1,N3TJJ-13*,WIDE2-1,qAR,KB3AWQ-10:=3857.08N/08023.24WONEBP WV:1,07,2.26,alt=11947.9M
2023-10-01 14:31:13 EDT: KE8TJE-11>HYMTR,WIDE1-1,WIDE2-2,qAR,N8TJD-10:=3857.07N/08023.15WONEBP WV:,,alt= [Rate limited (< 5 sec)]
2023-10-01 14:31:34 EDT: KE8TJE-11>HYMTR,WIDE1-1,WIDE2-2,qAR,KB3EKD-1:=3857.83N/0805.456,ONEBP WV:,,alt= [Invalid uncompressed location]
2023-10-01 14:31:48 EDT: KE8TJE-11>HYMTR,N4AAD-10,WIDE1,W4SNA-3*,WIDE2-1,qAR,ANDMTN:=3857.07N/08023.15WONEBP WV:,,alt=
2023-10-01 14:32:07 EDT: KE8TJE-11>HYMTR,WIDE1-1,WIDE2-2,qAR,KB3EKD-1:=3907.76N/08012.49WONEBP WV:1,06,7.55,alt=11904.9M [Location changes too fast (adaptive limit)]
2023-10-01 14:32:14 EDT: KE8TJE-11>HYMTR,N9RIM,WIDE1,K3JML-5*,WIDE2-1,qAR,KB2LUV-1:=3857.08N/08023.24WONEBP WV:1,07,2.26,alt=11947.9M [Location changes too fast (adaptive limit)]
2023-10-01 14:32:19 EDT: KE8TJE-11>HYMTR,ANDMTN,KK1LL-15*,WIDE2-1,qAR,YORKSC:=3904.13N/08015.72WONEBP WV:,,alt= [Location changes too fast (adaptive limit)]
2023-10-01 14:32:22 EDT: KE8TJE-11>HYMTR,N9RIM,WIDE1,W2ZJ-1*,qAR,N9RIM:=3857.07N/08023.15WONEBP WV:,,alt=
2023-10-01 14:32:23 EDT: KE8TJE-11>HYMTR,WIDE1-1,WIDE2-2,qAR,K4FDS-5:=3909.31N/08007.22WONEBP WV:1,06,9.25,alt=11882.0M [Rate limited (< 5 sec)]
2023-10-01 14:33:00 EDT: KE8TJE-11>HYMTR,WIDE1-1,WIDE2-2,qAR,WA3YMM-1:=3908.08N/08007.83WONEBP WV:1,07,9.45,alt=11869.6M
2023-10-01 14:33:00 EDT: KE8TJE-11>HYMTR,W8VFD-1*,WIDE1*,W8QT-1*,K8YSE-1*,WIDE2*,qAR,NV8P-1:=3857.07N/08023.56WONEBP WV:1,06,2.26,alt=11943.6M [Rate limited (< 5 sec)]
2023-10-01 14:33:01 EDT: KE8TJE-11>HYMTR,ANDMTN,KK1LL-15,NC4HC-15,WIDE2*,qAR,KR4NO-1:=3904.13N/08015.72WONEBP WV:,,alt= [Rate limited (< 5 sec)]
2023-10-01 14:33:04 EDT: KE8TJE-11>HYMTR,NEWBRY*,WIDE1*,W8QT-1*,K8YSE-1*,WIDE2*,qAR,NV8P-1:=3857.07N/08023.15WONEBP WV:,,alt= [Rate limited (< 5 sec)]
2023-10-01 14:33:12 EDT: KE8TJE-11>HYMTR,ANDMTN,KK1LL-15*,WIDE2-1,qAR,YORKSC:=3857.04N/08023.84WONEBP WV:1,06,2.26,alt=11948.3M
2023-10-01 14:33:35 EDT: KE8TJE-11>HYMTR,WIDE1-1,WIDE2-2,qAR,N8TJD-10:=3907.00N/08008.45WONEBP WV:1,07,9.67,alt=11872.3M [Location changes too fast (adaptive limit)]
2023-10-01 14:33:42 EDT: KE8TJE-11>HYMTR,NJ3T-4*,N3DXC-2*,WIDE2-1,qAR,KB3EKD-1:=3904.06N/0015.896,ONEBP WV:1,05,2.52,alt=11940.6M [Invalid uncompressed location]
2023-10-01 14:34:11 EDT: KE8TJE-11>HYMTR,WIDE1-1,WIDE2-2,qAR,WA3YMM-1:=3906.00N/08009.02WONEBP WV:1,06,9.90,alt=11878.2M
2023-10-01 14:34:11 EDT: KE8TJE-11>HYMTR,JAMTWP,WIDE1*,WIDE2-2,qAR,MAYVIL:=3904.13N/08015.72WONEBP WV:,,alt= [Rate limited (< 5 sec)]
2023-10-01 14:34:15 EDT: KE8TJE-11>HYMTR,JAMTWP,WIDE1*,WIDE2-2,qAR,W8MW-10:=3857.07N/08023.56WONEBP WV:1,06,2.26,alt=11943.6M [Rate limited (< 5 sec)]
2023-10-01 14:34:17 EDT: KE8TJE-11>HYMTR,JAMTWP,WIDE1*,WIDE2-2,qAR,W8QT-1:=3857.08N/08023.24WONEBP WV:1,07,2.26,alt=11947.9M [Duplicate position packet]
2023-10-01 14:34:19 EDT: KE8TJE-11>HYMTR,JAMTWP,WIDE1*,WIDE2-2,qAR,W8QT-1:=3857.07N/08023.15WONEBP WV:,,alt= [Duplicate position packet]
2023-10-01 14:34:20 EDT: KE8TJE-11>HYMTR,ANDMTN,CHMBRS,NC4HC-15*,qAR,KR4NO-1:=3907.00N/08008.45WONEBP WV:1,07,9.67,alt=11872.3M [Location changes too fast (adaptive limit)]
2023-10-01 14:34:22 EDT: KE8TJE-11>HYMTR,K3TU,WIDE1,TOMRVR,WA2FPB-5*,qAR,KD2CIF-1:=3902.80N/08020.62WONEBP WV:,,alt= [Location changes too fast (adaptive limit)]
2023-10-01 14:34:31 EDT: KE8TJE-11>HYMTR,KC2QVT-15,WIDE1,KC2GOW-1,WA2FPB-5*,qAR,KD2CIF-1:=3903.47N/08018.37WONEBP WV:,,alt= [Duplicate position packet]
2023-10-01 14:34:35 EDT: KE8TJE-11>HYMTR,TOMRVR,WIDE1,WA2FPB-5*,WIDE2-1,qAR,KD2CIF-1:=3903.46N/08018.30WONEBP WV:,,alt= [Duplicate position packet]
2023-10-01 14:34:47 EDT: KE8TJE-11>HYMTR,WIDE1-1,WIDE2-2,qAR,KB1EJH-1:=3905.08N/08009.49WONEBP WV:1,06,10.14,alt=11874.7M [Location changes too fast (adaptive limit)]
2023-10-01 14:34:50 EDT: KE8TJE-11>HYMTR,WIDE1-1,WIDE2-2,qAR,KB3EKD-1:=3857.04N/08023.84WONEBP WV:1,06,2.26,alt=11948.3M [Location changes too fast (adaptive limit)]
2023-10-01 14:35:06 EDT: KE8TJE-11>HYMTR,JAMTWP*,WIDE1*,W8WLC-15*,CHBYGN*,WIDE2*,qAR,KJ4KFJ:=3904.13N/08015.72WONEBP WV:,,alt= [Location changes too fast (adaptive limit)]
2023-10-01 14:35:07 EDT: KE8TJE-11>HYMTR,ANDMTN,KK1LL-15,NC4HC-15,WIDE2*,qAR,YORKSC:=3857.07N/08023.15WONEBP WV:,,alt= [Location changes too fast (adaptive limit)]
2023-10-01 14:35:07 EDT: KE8TJE-11>HYMTR,JAMTWP*,WIDE1*,MIO*,ESTTVC*,WIDE2*,qAR,KJ4KFJ:=3857.08N/08023.24WONEBP WV:1,07,2.26,alt=11947.9M [Duplicate position packet]
2023-10-01 14:35:22 EDT: KE8TJE-11>HYMTR,WIDE1-1,WIDE2-2,qAR,K8GPS-10:=3904.27N/08009.79WONEBP WV:1,06,10.38,alt=11874.2M [Location changes too fast (adaptive limit)]
2023-10-01 14:35:25 EDT: KE8TJE-11>HYMTR,WIDE1-1,WIDE2-2,qAR,KB3EKD-1:=3857.07N/08023.56WONEBP WV:1,06,2.26,alt=11943.6M [Location changes too fast (adaptive limit)]
2023-10-01 14:35:35 EDT: KE8TJE-11>HYMTR,WB8ERJ-1*,WOOSTR*,K8YSE-1*,WIDE2*,qAR,NV8P-1:=3907.00N/08008.45WONEBP WV:1,07,9.67,alt=11872.3M [Location changes too fast (adaptive limit)]
2023-10-01 14:35:58 EDT: KE8TJE-11>HYMTR,WIDE1-1,WIDE2-2,qAR,N8TJD-10:=3903.64N/08010.14WONEBP WV:,,alt=
2023-10-01 14:36:01 EDT: KE8TJE-11>HYMTR,WIDE1-1,WIDE2-2,qAR,KB3EKD-1:=3857.08N/08023.24WONEBP WV:1,07,2.26,alt=11947.9M [Rate limited (< 5 sec)]
2023-10-01 14:36:33 EDT: KE8TJE-11>HYMTR,WIDE1-1,WIDE2-2,qAR,WA3YMM-1:=3903.64N/08010.14WONEBP WV:,,alt=
2023-10-01 14:36:37 EDT: KE8TJE-11>HYMTR,ANDMTN,KK1LL-15*,WIDE2-1,qAR,YORKSC:=3907.00N/08008.45WONEBP WV:1,07,9.67,alt=11872.3M [Rate limited (< 5 sec)]
2023-10-01 14:36:38 EDT: KE8TJE-11>HYMTR,W3YNI*,WIDE1*,NJ3T-3*,N3DXC-2*,WIDE2*,qAR,KB3EKD-1:=3857.07N/08023.15WONEBP WV:,,alt= [Location changes too fast (adaptive limit)]
2023-10-01 14:36:53 EDT: KE8TJE-11>HYMTR,W8VFD-1*,WIDE1*,W8QT-1*,K8YSE-1*,WIDE2*,qAR,NV8P-1:=3904.27N/08009.79WONEBP WV:1,06,10.38,alt=11874.2M [Location changes too fast (adaptive limit)]
2023-10-01 14:37:06 EDT: KE8TJE-11>HYMTR,K8HU-5,KE4KDY-5*,WIDE2-1,qAR,K4VBX:=3903.64N/08010.14WONEBP WV:,,alt=
2023-10-01 14:37:08 EDT: KE8TJE-11>HYMTR,WIDE1-1,WIDE2-2,qAR,K4FDS-5:=3858.04N/08013.26WONEBP WV:,,alt= [Rate limited (< 5 sec)]
2023-10-01 14:37:43 EDT: KE8TJE-11>HYMTR,WIDE1-1,WIDE2-2,qAR,K4FDS-5:=3858.04N/08013.26WONEBP WV:,,alt=
2023-10-01 14:37:46 EDT: KE8TJE-11>HYMTR,ANDMTN,NC4HC-15*,WIDE2-1,qAR,KR4NO-1:=3903.64N/08010.14WONEBP WV:,,alt= [Rate limited (< 5 sec)]
2023-10-01 14:37:49 EDT: KE8TJE-11>HYMTR,ANDMTN,KK1LL-15,NC4HC-15,WIDE2*,qAR,KR4NO-1:=3907.00N/08008.45WONEBP WV:1,07,9.67,alt=11872.3M [Location changes too fast (adaptive limit)]
2023-10-01 14:38:18 EDT: KE8TJE-11>HYMTR,WIDE1-1,WIDE2-2,qAR,N8TJD-10:=3858.04N/08013.26WONEBP WV:,,alt=
2023-10-01 14:38:53 EDT: KE8TJE-11>HYMTR,WIDE1-1,WIDE2-2,qAR,KG4FJC-10:=3858.04N/08013.26WONEBP WV:,,alt=
2023-10-01 14:39:28 EDT: KE8TJE-11>HYMTR,WIDE1-1,WIDE2-2,qAR,N8TJD-10:=3858.99N/08011.50WONEBP WV:1,08,1.02,alt=11999.3M
2023-10-01 14:39:31 EDT: KE8TJE-11>HYMTR,NJ3T-4*,N3DXC-2*,WIDE2-1,qAR,KB3EKD-1:=3906.00N/08009.02WONEBP WV:1,06,9.90,alt=11878.2M [Rate limited (< 5 sec)]
2023-10-01 14:40:02 EDT: KE8TJE-11>HYMTR,WIDE1-1,WIDE2-2,qAR,KB3EKD-1:=3905.08N/08009.49WONEBP WV:1,06,10.14,alt=11874.7M
2023-10-01 14:40:03 EDT: KE8TJE-11>HYMTR,WIDE1-1,WIDE2-2,qAR,KG4FJC-10:=3859.11N/08011.53WONEBP WV:1,08,1.02,alt=11317.0M [Rate limited (< 5 sec)]
2023-10-01 14:40:35 EDT: KE8TJE-11>HYMTR,WIDE1-1,WIDE2-2,qAR,KB3EKD-1:=3904.27N/08009.79WONEBP WV:1,06,10.38,alt=11874.2M [Location changes too fast (adaptive limit)]
2023-10-01 14:40:39 EDT: KE8TJE-11>HYMTR,WIDE1-1,WIDE2-2,qAR,N8TJD-10:=3859.15N/0801.570,ONEBP WV:1,08,1.02,alt=10637.7M [Invalid uncompressed location]
2023-10-01 14:41:10 EDT: KE8TJE-11>HYMTR,N3SNN-1,WA3HLC-2*,WIDE2-1,qAR,N3TJJ-13:=3859.15N/0801.570,ONEBP WV:1,08,1.02,alt=10637.7M [Invalid uncompressed location]
2023-10-01 14:41:14 EDT: KE8TJE-11>HYMTR,WIDE1-1,WIDE2-2,qAR,N8TJD-10:=3859.17N/08011.56WONEBP WV:1,08,1.03,alt=10000.9M
2023-10-01 14:41:49 EDT: KE8TJE-11>HYMTR,WIDE1-1,WIDE2-2,qAR,KB3EKD-1:=3903.64N/08010.14WONEBP WV:,,alt= [Duplicate position packet]
2023-10-01 14:41:49 EDT: KE8TJE-11>HYMTR,WIDE1-1,WIDE2-2,qAR,K4FDS-5:=3859.22N/08011.65WONEBP WV:1,07,1.41,alt=9385.6M [Location changes too fast (adaptive limit)]
2023-10-01 14:42:24 EDT: KE8TJE-11>HYMTR,WIDE1-1,WIDE2-2,qAR,KB3EKD-1:=3858.04N/08013.26WONEBP WV:,,alt= [Duplicate position packet]
2023-10-01 14:42:24 EDT: KE8TJE-11>HYMTR,WIDE1-1,WIDE2-2,qAR,K8GPS-4:=3859.33N/08011.74WONEBP WV:1,08,1.03,alt=8787.8M [Location changes too fast (adaptive limit)]
2023-10-01 14:42:48 EDT: KE8TJE-11>HYMTR,K8GPS-10*,WIDE1*,NEWBRY*,K8YSE-1*,WIDE2*,qAR,NV8P-1:=3859.17N/08011.56WONEBP WV:1,08,1.03,alt=10000.9M
2023-10-01 14:42:49 EDT: KE8TJE-11>HYMTR,W8QT-1*,K8YSE-1*,WIDE2-1,qAR,NV8P-1:=3859.22N/08011.65WONEBP WV:1,07,1.41,alt=9385.6M [Rate limited (< 5 sec)]
2023-10-01 14:43:29 EDT: KE8TJE-11>HYMTR,WIDE1-1,WIDE2-2,qAR,KB3EKD-1:=3858.04N/08013.26WONEBP WV:,,alt= [Duplicate position packet]
2023-10-01 14:43:33 EDT: KE8TJE-11>HYMTR,WIDE1-1,WIDE2-2,qAR,K4FDS-5:=3859.56N/08011.63WONEBP WV:1,08,1.04,alt=7664.6M [Location changes too fast (adaptive limit)]
2023-10-01 14:44:09 EDT: KE8TJE-11>HYMTR,N4YSA-6*,WIDE1*,WIDE2-2,qAR,W4KEL-12:=3859.33N/08011.74WONEBP WV:1,08,1.03,alt=8787.8M
2023-10-01 14:44:09 EDT: KE8TJE-11>HYMTR,WIDE1-1,WIDE2-2,qAR,N8TJD-10:=3859.50N/08011.51WONEBP WV:1,08,1.04,alt=7109.9M [Rate limited (< 5 sec)]
2023-10-01 14:44:09 EDT: KE8TJE-11>HYMTR,NJ3T-4*,N3KTX-4*,W4VA-10*,qAR,W4KEL-12:=3859.56N/08011.63WONEBP WV:1,08,1.04,alt=7664.6M [Rate limited (< 5 sec)]
2023-10-01 14:44:26 EDT: KE8TJE-11>HYMTR,WIDE1-1,WIDE2-2,qAR,KB3EKD-1:=3858.99N/08011.50WONEBP WV:1,08,1.02,alt=11999.3M [Duplicate position packet]
2023-10-01 14:44:44 EDT: KE8TJE-11>HYMTR,N4YSA-6*,K4EME-3*,K2VIZ-8*,WIDE2*,qAR,W4KEL-12:=3859.50N/08011.51WONEBP WV:1,08,1.04,alt=7109.9M
2023-10-01 14:44:44 EDT: KE8TJE-11>HYMTR,WIDE1-1,WIDE2-2,qAR,K8GPS-10:=3859.39N/08011.46WONEBP WV:1,08,1.04,alt=6589.5M [Rate limited (< 5 sec)]
2023-10-01 14:45:19 EDT: KE8TJE-11>HYMTR,WIDE1-1,WIDE2-2,qAR,K4FDS-5:=3859.30N/08011.43WONEBP WV:1,08,1.05,alt=6082.8M
2023-10-01 14:45:26 EDT: KE8TJE-11>HYMTR,WIDE1-1,WIDE2-2,qAR,KB3EKD-1:=3859.15N/0801.570,ONEBP WV:1,08,1.02,alt=10637.7M [Invalid uncompressed location]
2023-10-01 14:45:35 EDT: KE8TJE-11>HYMTR,N4YSA-6*,WIDE1*,WIDE2-2,qAR,W4KEL-12:=3859.39N/08011.46WONEBP WV:1,08,1.04,alt=6589.5M
2023-10-01 14:45:53 EDT: KE8TJE-11>HYMTR,WIDE1-1,WIDE2-2,qAR,KB3EKD-1:=3859.17N/08011.56WONEBP WV:1,08,1.03,alt=10000.9M [Duplicate position packet]
2023-10-01 14:45:54 EDT: KE8TJE-11>HYMTR,WIDE1-1,WIDE2-2,qAR,N8TJD-10:=3859.22N/08011.43WONEBP WV:1,08,1.05,alt=5584.1M [Location changes too fast (adaptive limit)]
2023-10-01 14:46:28 EDT: KE8TJE-11>HYMTR,NEWBRY*,WIDE1*,W8QT-1*,K8YSE-1*,WIDE2*,qAR,NV8P-1:=3859.56N/08011.63WONEBP WV:1,08,1.04,alt=7664.6M
2023-10-01 14:46:29 EDT: KE8TJE-11>HYMTR,WIDE1-1,WIDE2-2,qAR,K4FDS-5:=3859.11N/08011.47WONEBP WV:1,08,1.05,alt=5102.0M [Rate limited (< 5 sec)]
2023-10-01 14:46:44 EDT: KE8TJE-11>HYMTR,AKRON*,K8YSE-1*,WIDE2-1,qAR,NV8P-1:=3859.50N/08011.51WONEBP WV:1,08,1.04,alt=7109.9M [Duplicate position packet]
2023-10-01 14:47:03 EDT: KE8TJE-11>HYMTR,NEWBRY*,WIDE1*,W8QT-1*,K8YSE-1*,WIDE2*,qAR,NV8P-1:=3859.39N/08011.46WONEBP WV:1,08,1.04,alt=6589.5M [Duplicate position packet]
2023-10-01 14:47:05 EDT: KE8TJE-11>HYMTR,WIDE1-1,WIDE2-2,qAR,N8TJD-10:=3859.00N/08011.53WONEBP WV:1,08,1.06,alt=4621.7M [Location changes too fast (adaptive limit)]
2023-10-01 14:47:40 EDT: KE8TJE-11>HYMTR,WIDE1-1,WIDE2-2,qAR,N8TJD-10:=3858.88N/08011.61WONEBP WV:1,08,1.06,alt=4164.7M
2023-10-01 14:47:54 EDT: KE8TJE-11>HYMTR,NJ3T-4*,K3ARL-6*,NJ3T-3*,N3DXC-2*,WIDE2*,qAR,KB3EKD-1:=3859.56N/08011.63WONEBP WV:1,08,1.04,alt=7664.6M [Duplicate position packet]
2023-10-01 14:48:01 EDT: KE8TJE-11>HYMTR,AKRON*,K8YSE-1*,WIDE2-1,qAR,NV8P-1:=3859.30N/08011.43WONEBP WV:1,08,1.05,alt=6082.8M [Duplicate position packet]
2023-10-01 14:48:15 EDT: KE8TJE-11>HYMTR,WIDE1-1,WIDE2-2,qAR,N8TJD-10:=3858.78N/0801.734,ONEBP WV:1,08,1.06,alt=3735.4M [Invalid uncompressed location]
2023-10-01 14:48:50 EDT: KE8TJE-11>HYMTR,WIDE1-1,WIDE2-2,qAR,K8GPS-10:=3858.68N/08011.86WONEBP WV:1,08,1.07,alt=3328.5M
2023-10-01 14:49:11 EDT: KE8TJE-11>HYMTR,NJ3T-4*,K3SMT-4*,NJ3T-3*,WIDE2,qAR,KB3EKD-1:=3859.39N/08011.46WONEBP WV:1,08,1.04,alt=6589.5M [Duplicate position packet]
2023-10-01 14:49:25 EDT: KE8TJE-11>HYMTR,WIDE1-1,WIDE2-2,qAR,N8TJD-10:=3858.57N/08011.97WONEBP WV:1,08,1.07,alt=2917.8M
2023-10-01 14:49:28 EDT: KE8TJE-11>HYMTR,K8GPS-10*,WIDE1*,WOOSTR*,K8YSE-1*,WIDE2*,qAR,NV8P-1:=3858.78N/0801.734,ONEBP WV:1,08,1.06,alt=3735.4M [Invalid uncompressed location]
2023-10-01 14:49:55 EDT: KE8TJE-11>HYMTR,K8GPS-10*,WIDE1*,WOOSTR*,K8YSE-1*,WIDE2*,qAR,NV8P-1:=3858.68N/08011.86WONEBP WV:1,08,1.07,alt=3328.5M [Duplicate position packet]
2023-10-01 14:50:00 EDT: KE8TJE-11>HYMTR,WIDE1-1,WIDE2-2,qAR,N8TJD-10:=3858.45N/08012.13WONEBP WV:1,09,1.02,alt=2496.3M
2023-10-01 14:50:35 EDT: KE8TJE-11>HYMTR,WIDE1-1,WIDE2-2,qAR,N8TJD-10:=3858.34N/0802.361,ONEBP WV:1,09,1.02,alt=2071.7M [Invalid uncompressed location]
2023-10-01 14:51:01 EDT: KE8TJE-11>HYMTR,NJ3T-4*,N3IVK-11*,NJ3T-3*,N3DXC-2*,WIDE2*,qAR,KB3EKD-1:=3859.11N/08011.47WONEBP WV:1,08,1.05,alt=5102.0M
2023-10-01 14:51:10 EDT: KE8TJE-11>HYMTR,WIDE1-1,WIDE2-2,qAR,N8TJD-10:=3858.24N/08012.54WONEBP WV:1,09,1.03,alt=1642.5M [Location changes too fast (adaptive limit)]
2023-10-01 14:51:45 EDT: KE8TJE-11>HYMTR,WIDE1-1,WIDE2-2,qAR,N8TJD-10:=3858.16N/08012.61WONEBP WV:1,10,0.81,alt=1245.1M
2023-10-01 14:52:08 EDT: KE8TJE-11>HYMTR,KB3FCZ-2*,WIDE1*,NJ3T-3*,N3DXC-2*,WIDE2*,qAR,KB3EKD-1:=3858.88N/08011.61WONEBP WV:1,08,1.06,alt=4164.7M [Duplicate position packet]
2023-10-01 14:53:37 EDT: KE8TJE-11>HYMTR,KB3FCZ-2*,WIDE1*,NJ3T-3*,N3DXC-2*,WIDE2*,qAR,KB3EKD-1:=3858.57N/08011.97WONEBP WV:1,08,1.07,alt=2917.8M [Duplicate position packet]
2023-10-01 14:54:54 EDT: KE8TJE-11>HYMTR,N3FB-2*,WIDE1*,NJ3T-3*,N3DXC-2*,WIDE2*,qAR,KB3EKD-1:=3858.34N/0802.361,ONEBP WV:1,09,1.02,alt=2071.7M [Invalid uncompressed location]
2023-10-01 14:55:30 EDT: KE8TJE-11>HYMTR,NJ3T-4*,N3DXC-2*,WIDE2-1,qAR,KB3EKD-1:=3858.24N/08012.54WONEBP WV:1,09,1.03,alt=1642.5M
